CRITICAL - 2023-06-26 21:29:35 --> Invalid file: /users/auth/signin.php
#0 C:\xampp\htdocs\Sistem-informasi-kependudukan\system\View\View.php(198): CodeIgniter\Exceptions\FrameworkException::forInvalidFile('/users/auth/sig...')
#1 C:\xampp\htdocs\Sistem-informasi-kependudukan\system\Common.php(1089): CodeIgniter\View\View->render('/users/auth/sig...', Array, true)
#2 C:\xampp\htdocs\Sistem-informasi-kependudukan\app\Controllers\Home.php(40): view('/users/auth/sig...', Array)
#3 C:\xampp\htdocs\Sistem-informasi-kependudukan\system\CodeIgniter.php(832): App\Controllers\Home->signin()
#4 C:\xampp\htdocs\Sistem-informasi-kependudukan\system\CodeIgniter.php(419): CodeIgniter\CodeIgniter->runController(Object(App\Controllers\Home))
#5 C:\xampp\htdocs\Sistem-informasi-kependudukan\system\CodeIgniter.php(326): CodeIgniter\CodeIgniter->handleRequest(NULL, Object(Config\Cache), false)
#6 C:\xampp\htdocs\Sistem-informasi-kependudukan\public\index.php(37): CodeIgniter\CodeIgniter->run()
#7 C:\xampp\htdocs\Sistem-informasi-kependudukan\system\Commands\Server\rewrite.php(43): require_once('C:\\xampp\\htdocs...')
#8 {main}
ERROR - 2023-06-26 21:39:30 --> Error connecting to the database: No connection could be made because the target machine actively refused it
CRITICAL - 2023-06-26 21:39:30 --> Unable to connect to the database.
Main connection [MySQLi]: No connection could be made because the target machine actively refused it
#0 C:\xampp\htdocs\Sistem-informasi-kependudukan\system\Database\BaseConnection.php(577): CodeIgniter\Database\BaseConnection->initialize()
#1 C:\xampp\htdocs\Sistem-informasi-kependudukan\system\Database\BaseBuilder.php(1455): CodeIgniter\Database\BaseConnection->query('SELECT *\nFROM `...', Array, false)
#2 C:\xampp\htdocs\Sistem-informasi-kependudukan\system\Model.php(183): CodeIgniter\Database\BaseBuilder->get()
#3 C:\xampp\htdocs\Sistem-informasi-kependudukan\system\BaseModel.php(584): CodeIgniter\Model->doFindAll(0, 0)
#4 C:\xampp\htdocs\Sistem-informasi-kependudukan\app\Models\KeluargaModel.php(30): CodeIgniter\BaseModel->findAll()
#5 C:\xampp\htdocs\Sistem-informasi-kependudukan\app\Controllers\Admin.php(99): App\Models\KeluargaModel->getKeluarga()
#6 C:\xampp\htdocs\Sistem-informasi-kependudukan\system\CodeIgniter.php(832): App\Controllers\Admin->families()
#7 C:\xampp\htdocs\Sistem-informasi-kependudukan\system\CodeIgniter.php(419): CodeIgniter\CodeIgniter->runController(Object(App\Controllers\Admin))
#8 C:\xampp\htdocs\Sistem-informasi-kependudukan\system\CodeIgniter.php(326): CodeIgniter\CodeIgniter->handleRequest(NULL, Object(Config\Cache), false)
#9 C:\xampp\htdocs\Sistem-informasi-kependudukan\public\index.php(37): CodeIgniter\CodeIgniter->run()
#10 C:\xampp\htdocs\Sistem-informasi-kependudukan\system\Commands\Server\rewrite.php(43): require_once('C:\\xampp\\htdocs...')
#11 {main}
CRITICAL - 2023-06-26 22:35:10 --> Invalid file: /users/auth/signin.php
#0 C:\xampp\htdocs\Sistem-informasi-kependudukan\system\View\View.php(198): CodeIgniter\Exceptions\FrameworkException::forInvalidFile('/users/auth/sig...')
#1 C:\xampp\htdocs\Sistem-informasi-kependudukan\system\Common.php(1089): CodeIgniter\View\View->render('/users/auth/sig...', Array, true)
#2 C:\xampp\htdocs\Sistem-informasi-kependudukan\app\Controllers\Home.php(40): view('/users/auth/sig...', Array)
#3 C:\xampp\htdocs\Sistem-informasi-kependudukan\system\CodeIgniter.php(832): App\Controllers\Home->signin()
#4 C:\xampp\htdocs\Sistem-informasi-kependudukan\system\CodeIgniter.php(419): CodeIgniter\CodeIgniter->runController(Object(App\Controllers\Home))
#5 C:\xampp\htdocs\Sistem-informasi-kependudukan\system\CodeIgniter.php(326): CodeIgniter\CodeIgniter->handleRequest(NULL, Object(Config\Cache), false)
#6 C:\xampp\htdocs\Sistem-informasi-kependudukan\public\index.php(37): CodeIgniter\CodeIgniter->run()
#7 C:\xampp\htdocs\Sistem-informasi-kependudukan\system\Commands\Server\rewrite.php(43): require_once('C:\\xampp\\htdocs...')
#8 {main}
