CRITICAL - 2023-04-06 14:59:26 --> Invalid file: user/template/navbar.php
#0 C:\xampp\htdocs\Sistem-informasi-kependudukan\system\View\View.php(198): CodeIgniter\Exceptions\FrameworkException::forInvalidFile('user/template/n...')
#1 C:\xampp\htdocs\Sistem-informasi-kependudukan\system\View\View.php(424): CodeIgniter\View\View->render('user/template/n...', NULL, true)
#2 C:\xampp\htdocs\Sistem-informasi-kependudukan\app\Views\Users\template\layout.php(31): CodeIgniter\View\View->include('user/template/n...')
#3 C:\xampp\htdocs\Sistem-informasi-kependudukan\system\View\View.php(210): include('C:\\xampp\\htdocs...')
#4 C:\xampp\htdocs\Sistem-informasi-kependudukan\system\View\View.php(213): CodeIgniter\View\View->CodeIgniter\View\{closure}()
#5 C:\xampp\htdocs\Sistem-informasi-kependudukan\system\View\View.php(226): CodeIgniter\View\View->render('users/template/...', Array, true)
#6 C:\xampp\htdocs\Sistem-informasi-kependudukan\system\Common.php(1089): CodeIgniter\View\View->render('/users/index', Array, true)
#7 C:\xampp\htdocs\Sistem-informasi-kependudukan\app\Controllers\Home.php(25): view('/users/index')
#8 C:\xampp\htdocs\Sistem-informasi-kependudukan\system\CodeIgniter.php(832): App\Controllers\Home->index()
#9 C:\xampp\htdocs\Sistem-informasi-kependudukan\system\CodeIgniter.php(419): CodeIgniter\CodeIgniter->runController(Object(App\Controllers\Home))
#10 C:\xampp\htdocs\Sistem-informasi-kependudukan\system\CodeIgniter.php(326): CodeIgniter\CodeIgniter->handleRequest(NULL, Object(Config\Cache), false)
#11 C:\xampp\htdocs\Sistem-informasi-kependudukan\public\index.php(37): CodeIgniter\CodeIgniter->run()
#12 C:\xampp\htdocs\Sistem-informasi-kependudukan\system\Commands\Server\rewrite.php(43): require_once('C:\\xampp\\htdocs...')
#13 {main}
CRITICAL - 2023-04-06 18:41:55 --> Invalid file: /users/administrasi.php
#0 C:\xampp\htdocs\Sistem-informasi-kependudukan\system\View\View.php(198): CodeIgniter\Exceptions\FrameworkException::forInvalidFile('/users/administ...')
#1 C:\xampp\htdocs\Sistem-informasi-kependudukan\system\Common.php(1089): CodeIgniter\View\View->render('/users/administ...', Array, true)
#2 C:\xampp\htdocs\Sistem-informasi-kependudukan\app\Controllers\Users.php(42): view('/users/administ...', Array)
#3 C:\xampp\htdocs\Sistem-informasi-kependudukan\system\CodeIgniter.php(832): App\Controllers\Users->administrasi()
#4 C:\xampp\htdocs\Sistem-informasi-kependudukan\system\CodeIgniter.php(419): CodeIgniter\CodeIgniter->runController(Object(App\Controllers\Users))
#5 C:\xampp\htdocs\Sistem-informasi-kependudukan\system\CodeIgniter.php(326): CodeIgniter\CodeIgniter->handleRequest(NULL, Object(Config\Cache), false)
#6 C:\xampp\htdocs\Sistem-informasi-kependudukan\public\index.php(37): CodeIgniter\CodeIgniter->run()
#7 C:\xampp\htdocs\Sistem-informasi-kependudukan\system\Commands\Server\rewrite.php(43): require_once('C:\\xampp\\htdocs...')
#8 {main}
CRITICAL - 2023-04-06 18:55:09 --> Undefined variable $navbar
#0 C:\xampp\htdocs\Sistem-informasi-kependudukan\app\Views\Users\template\navbar.php(15): CodeIgniter\Debug\Exceptions->errorHandler(2, 'Undefined varia...', 'C:\\xampp\\htdocs...', 15)
#1 C:\xampp\htdocs\Sistem-informasi-kependudukan\system\View\View.php(210): include('C:\\xampp\\htdocs...')
#2 C:\xampp\htdocs\Sistem-informasi-kependudukan\system\View\View.php(213): CodeIgniter\View\View->CodeIgniter\View\{closure}()
#3 C:\xampp\htdocs\Sistem-informasi-kependudukan\system\View\View.php(424): CodeIgniter\View\View->render('users/template/...', NULL, true)
#4 C:\xampp\htdocs\Sistem-informasi-kependudukan\app\Views\Users\template\layout.php(31): CodeIgniter\View\View->include('users/template/...')
#5 C:\xampp\htdocs\Sistem-informasi-kependudukan\system\View\View.php(210): include('C:\\xampp\\htdocs...')
#6 C:\xampp\htdocs\Sistem-informasi-kependudukan\system\View\View.php(213): CodeIgniter\View\View->CodeIgniter\View\{closure}()
#7 C:\xampp\htdocs\Sistem-informasi-kependudukan\system\View\View.php(226): CodeIgniter\View\View->render('users/template/...', Array, true)
#8 C:\xampp\htdocs\Sistem-informasi-kependudukan\system\Common.php(1089): CodeIgniter\View\View->render('/users/index', Array, true)
#9 C:\xampp\htdocs\Sistem-informasi-kependudukan\app\Controllers\Home.php(31): view('/users/index', Array)
#10 C:\xampp\htdocs\Sistem-informasi-kependudukan\system\CodeIgniter.php(832): App\Controllers\Home->index()
#11 C:\xampp\htdocs\Sistem-informasi-kependudukan\system\CodeIgniter.php(419): CodeIgniter\CodeIgniter->runController(Object(App\Controllers\Home))
#12 C:\xampp\htdocs\Sistem-informasi-kependudukan\system\CodeIgniter.php(326): CodeIgniter\CodeIgniter->handleRequest(NULL, Object(Config\Cache), false)
#13 C:\xampp\htdocs\Sistem-informasi-kependudukan\public\index.php(37): CodeIgniter\CodeIgniter->run()
#14 C:\xampp\htdocs\Sistem-informasi-kependudukan\system\Commands\Server\rewrite.php(43): require_once('C:\\xampp\\htdocs...')
#15 {main}
CRITICAL - 2023-04-06 18:55:41 --> Undefined variable $subnavbar
#0 C:\xampp\htdocs\Sistem-informasi-kependudukan\app\Views\Users\template\navbar.php(23): CodeIgniter\Debug\Exceptions->errorHandler(2, 'Undefined varia...', 'C:\\xampp\\htdocs...', 23)
#1 C:\xampp\htdocs\Sistem-informasi-kependudukan\system\View\View.php(210): include('C:\\xampp\\htdocs...')
#2 C:\xampp\htdocs\Sistem-informasi-kependudukan\system\View\View.php(213): CodeIgniter\View\View->CodeIgniter\View\{closure}()
#3 C:\xampp\htdocs\Sistem-informasi-kependudukan\system\View\View.php(424): CodeIgniter\View\View->render('users/template/...', NULL, true)
#4 C:\xampp\htdocs\Sistem-informasi-kependudukan\app\Views\Users\template\layout.php(31): CodeIgniter\View\View->include('users/template/...')
#5 C:\xampp\htdocs\Sistem-informasi-kependudukan\system\View\View.php(210): include('C:\\xampp\\htdocs...')
#6 C:\xampp\htdocs\Sistem-informasi-kependudukan\system\View\View.php(213): CodeIgniter\View\View->CodeIgniter\View\{closure}()
#7 C:\xampp\htdocs\Sistem-informasi-kependudukan\system\View\View.php(226): CodeIgniter\View\View->render('users/template/...', Array, true)
#8 C:\xampp\htdocs\Sistem-informasi-kependudukan\system\Common.php(1089): CodeIgniter\View\View->render('/users/index', Array, true)
#9 C:\xampp\htdocs\Sistem-informasi-kependudukan\app\Controllers\Home.php(30): view('/users/index', Array)
#10 C:\xampp\htdocs\Sistem-informasi-kependudukan\system\CodeIgniter.php(832): App\Controllers\Home->index()
#11 C:\xampp\htdocs\Sistem-informasi-kependudukan\system\CodeIgniter.php(419): CodeIgniter\CodeIgniter->runController(Object(App\Controllers\Home))
#12 C:\xampp\htdocs\Sistem-informasi-kependudukan\system\CodeIgniter.php(326): CodeIgniter\CodeIgniter->handleRequest(NULL, Object(Config\Cache), false)
#13 C:\xampp\htdocs\Sistem-informasi-kependudukan\public\index.php(37): CodeIgniter\CodeIgniter->run()
#14 C:\xampp\htdocs\Sistem-informasi-kependudukan\system\Commands\Server\rewrite.php(43): require_once('C:\\xampp\\htdocs...')
#15 {main}
CRITICAL - 2023-04-06 19:11:25 --> Invalid file: /users/gallery.php
#0 C:\xampp\htdocs\Sistem-informasi-kependudukan\system\View\View.php(198): CodeIgniter\Exceptions\FrameworkException::forInvalidFile('/users/gallery....')
#1 C:\xampp\htdocs\Sistem-informasi-kependudukan\system\Common.php(1089): CodeIgniter\View\View->render('/users/gallery', Array, true)
#2 C:\xampp\htdocs\Sistem-informasi-kependudukan\app\Controllers\Users.php(71): view('/users/gallery', Array)
#3 C:\xampp\htdocs\Sistem-informasi-kependudukan\system\CodeIgniter.php(832): App\Controllers\Users->galeri()
#4 C:\xampp\htdocs\Sistem-informasi-kependudukan\system\CodeIgniter.php(419): CodeIgniter\CodeIgniter->runController(Object(App\Controllers\Users))
#5 C:\xampp\htdocs\Sistem-informasi-kependudukan\system\CodeIgniter.php(326): CodeIgniter\CodeIgniter->handleRequest(NULL, Object(Config\Cache), false)
#6 C:\xampp\htdocs\Sistem-informasi-kependudukan\public\index.php(37): CodeIgniter\CodeIgniter->run()
#7 C:\xampp\htdocs\Sistem-informasi-kependudukan\system\Commands\Server\rewrite.php(43): require_once('C:\\xampp\\htdocs...')
#8 {main}
