CRITICAL - 2023-03-14 13:03:58 --> Undefined variable $title
#0 C:\xampp\htdocs\Sistem-informasi-kependudukan\app\Views\Admin\template\layout.php(6): CodeIgniter\Debug\Exceptions->errorHandler(2, 'Undefined varia...', 'C:\\xampp\\htdocs...', 6)
#1 C:\xampp\htdocs\Sistem-informasi-kependudukan\system\View\View.php(210): include('C:\\xampp\\htdocs...')
#2 C:\xampp\htdocs\Sistem-informasi-kependudukan\system\View\View.php(213): CodeIgniter\View\View->CodeIgniter\View\{closure}()
#3 C:\xampp\htdocs\Sistem-informasi-kependudukan\system\View\View.php(226): CodeIgniter\View\View->render('admin/template/...', Array, true)
#4 C:\xampp\htdocs\Sistem-informasi-kependudukan\system\Common.php(1089): CodeIgniter\View\View->render('admin/index', Array, true)
#5 C:\xampp\htdocs\Sistem-informasi-kependudukan\app\Controllers\Admin.php(41): view('admin/index')
#6 C:\xampp\htdocs\Sistem-informasi-kependudukan\system\CodeIgniter.php(832): App\Controllers\Admin->index()
#7 C:\xampp\htdocs\Sistem-informasi-kependudukan\system\CodeIgniter.php(419): CodeIgniter\CodeIgniter->runController(Object(App\Controllers\Admin))
#8 C:\xampp\htdocs\Sistem-informasi-kependudukan\system\CodeIgniter.php(326): CodeIgniter\CodeIgniter->handleRequest(NULL, Object(Config\Cache), false)
#9 C:\xampp\htdocs\Sistem-informasi-kependudukan\public\index.php(37): CodeIgniter\CodeIgniter->run()
#10 C:\xampp\htdocs\Sistem-informasi-kependudukan\system\Commands\Server\rewrite.php(43): require_once('C:\\xampp\\htdocs...')
#11 {main}
CRITICAL - 2023-03-14 16:25:43 --> Undefined variable $reqAdministrasi
#0 C:\xampp\htdocs\Sistem-informasi-kependudukan\app\Views\Admin\template\sidebar.php(80): CodeIgniter\Debug\Exceptions->errorHandler(2, 'Undefined varia...', 'C:\\xampp\\htdocs...', 80)
#1 C:\xampp\htdocs\Sistem-informasi-kependudukan\system\View\View.php(210): include('C:\\xampp\\htdocs...')
#2 C:\xampp\htdocs\Sistem-informasi-kependudukan\system\View\View.php(213): CodeIgniter\View\View->CodeIgniter\View\{closure}()
#3 C:\xampp\htdocs\Sistem-informasi-kependudukan\system\View\View.php(424): CodeIgniter\View\View->render('admin/template/...', NULL, true)
#4 C:\xampp\htdocs\Sistem-informasi-kependudukan\app\Views\Admin\template\layout.php(42): CodeIgniter\View\View->include('admin/template/...')
#5 C:\xampp\htdocs\Sistem-informasi-kependudukan\system\View\View.php(210): include('C:\\xampp\\htdocs...')
#6 C:\xampp\htdocs\Sistem-informasi-kependudukan\system\View\View.php(213): CodeIgniter\View\View->CodeIgniter\View\{closure}()
#7 C:\xampp\htdocs\Sistem-informasi-kependudukan\system\View\View.php(226): CodeIgniter\View\View->render('admin/template/...', Array, true)
#8 C:\xampp\htdocs\Sistem-informasi-kependudukan\system\Common.php(1089): CodeIgniter\View\View->render('admin/index', Array, true)
#9 C:\xampp\htdocs\Sistem-informasi-kependudukan\app\Controllers\Admin.php(42): view('admin/index', Array)
#10 C:\xampp\htdocs\Sistem-informasi-kependudukan\system\CodeIgniter.php(832): App\Controllers\Admin->index()
#11 C:\xampp\htdocs\Sistem-informasi-kependudukan\system\CodeIgniter.php(419): CodeIgniter\CodeIgniter->runController(Object(App\Controllers\Admin))
#12 C:\xampp\htdocs\Sistem-informasi-kependudukan\system\CodeIgniter.php(326): CodeIgniter\CodeIgniter->handleRequest(NULL, Object(Config\Cache), false)
#13 C:\xampp\htdocs\Sistem-informasi-kependudukan\public\index.php(37): CodeIgniter\CodeIgniter->run()
#14 C:\xampp\htdocs\Sistem-informasi-kependudukan\system\Commands\Server\rewrite.php(43): require_once('C:\\xampp\\htdocs...')
#15 {main}
