CRITICAL - 2023-06-25 01:08:45 --> Invalid file: auth/login.php
#0 C:\xampp\htdocs\Sistem-informasi-kependudukan\system\View\View.php(198): CodeIgniter\Exceptions\FrameworkException::forInvalidFile('auth/login.php')
#1 C:\xampp\htdocs\Sistem-informasi-kependudukan\system\Common.php(1089): CodeIgniter\View\View->render('auth/login', Array, true)
#2 C:\xampp\htdocs\Sistem-informasi-kependudukan\app\Controllers\Auth.php(46): view('auth/login', Array)
#3 C:\xampp\htdocs\Sistem-informasi-kependudukan\system\CodeIgniter.php(832): App\Controllers\Auth->login()
#4 C:\xampp\htdocs\Sistem-informasi-kependudukan\system\CodeIgniter.php(419): CodeIgniter\CodeIgniter->runController(Object(App\Controllers\Auth))
#5 C:\xampp\htdocs\Sistem-informasi-kependudukan\system\CodeIgniter.php(326): CodeIgniter\CodeIgniter->handleRequest(NULL, Object(Config\Cache), false)
#6 C:\xampp\htdocs\Sistem-informasi-kependudukan\public\index.php(37): CodeIgniter\CodeIgniter->run()
#7 C:\xampp\htdocs\Sistem-informasi-kependudukan\system\Commands\Server\rewrite.php(43): require_once('C:\\xampp\\htdocs...')
#8 {main}
ERROR - 2023-06-25 02:00:21 --> Column 'status' in where clause is ambiguous
CRITICAL - 2023-06-25 02:00:21 --> Column 'status' in where clause is ambiguous
#0 C:\xampp\htdocs\Sistem-informasi-kependudukan\system\Database\MySQLi\Connection.php(292): mysqli->query('SELECT COUNT(*)...', 0)
#1 C:\xampp\htdocs\Sistem-informasi-kependudukan\system\Database\BaseConnection.php(670): CodeIgniter\Database\MySQLi\Connection->execute('SELECT COUNT(*)...')
#2 C:\xampp\htdocs\Sistem-informasi-kependudukan\system\Database\BaseConnection.php(598): CodeIgniter\Database\BaseConnection->simpleQuery('SELECT COUNT(*)...')
#3 C:\xampp\htdocs\Sistem-informasi-kependudukan\system\Database\BaseBuilder.php(1539): CodeIgniter\Database\BaseConnection->query('SELECT COUNT(*)...', Array, false)
#4 C:\xampp\htdocs\Sistem-informasi-kependudukan\system\Model.php(509): CodeIgniter\Database\BaseBuilder->countAllResults(true)
#5 C:\xampp\htdocs\Sistem-informasi-kependudukan\app\Models\AdministrasiModel.php(92): CodeIgniter\Model->countAllResults()
#6 C:\xampp\htdocs\Sistem-informasi-kependudukan\app\Controllers\Admin.php(70): App\Models\AdministrasiModel->getAdministrasiCount()
#7 C:\xampp\htdocs\Sistem-informasi-kependudukan\app\Controllers\Admin.php(88): App\Controllers\Admin->getReqAdministrasi()
#8 C:\xampp\htdocs\Sistem-informasi-kependudukan\system\CodeIgniter.php(832): App\Controllers\Admin->index()
#9 C:\xampp\htdocs\Sistem-informasi-kependudukan\system\CodeIgniter.php(419): CodeIgniter\CodeIgniter->runController(Object(App\Controllers\Admin))
#10 C:\xampp\htdocs\Sistem-informasi-kependudukan\system\CodeIgniter.php(326): CodeIgniter\CodeIgniter->handleRequest(NULL, Object(Config\Cache), false)
#11 C:\xampp\htdocs\Sistem-informasi-kependudukan\public\index.php(37): CodeIgniter\CodeIgniter->run()
#12 C:\xampp\htdocs\Sistem-informasi-kependudukan\system\Commands\Server\rewrite.php(43): require_once('C:\\xampp\\htdocs...')
#13 {main}
ERROR - 2023-06-25 02:01:26 --> Column 'status' in where clause is ambiguous
CRITICAL - 2023-06-25 02:01:26 --> Column 'status' in where clause is ambiguous
#0 C:\xampp\htdocs\Sistem-informasi-kependudukan\system\Database\MySQLi\Connection.php(292): mysqli->query('SELECT COUNT(*)...', 0)
#1 C:\xampp\htdocs\Sistem-informasi-kependudukan\system\Database\BaseConnection.php(670): CodeIgniter\Database\MySQLi\Connection->execute('SELECT COUNT(*)...')
#2 C:\xampp\htdocs\Sistem-informasi-kependudukan\system\Database\BaseConnection.php(598): CodeIgniter\Database\BaseConnection->simpleQuery('SELECT COUNT(*)...')
#3 C:\xampp\htdocs\Sistem-informasi-kependudukan\system\Database\BaseBuilder.php(1539): CodeIgniter\Database\BaseConnection->query('SELECT COUNT(*)...', Array, false)
#4 C:\xampp\htdocs\Sistem-informasi-kependudukan\system\Model.php(509): CodeIgniter\Database\BaseBuilder->countAllResults(true)
#5 C:\xampp\htdocs\Sistem-informasi-kependudukan\app\Models\AdministrasiModel.php(92): CodeIgniter\Model->countAllResults()
#6 C:\xampp\htdocs\Sistem-informasi-kependudukan\app\Controllers\Admin.php(70): App\Models\AdministrasiModel->getAdministrasiCount()
#7 C:\xampp\htdocs\Sistem-informasi-kependudukan\app\Controllers\Admin.php(88): App\Controllers\Admin->getReqAdministrasi()
#8 C:\xampp\htdocs\Sistem-informasi-kependudukan\system\CodeIgniter.php(832): App\Controllers\Admin->index()
#9 C:\xampp\htdocs\Sistem-informasi-kependudukan\system\CodeIgniter.php(419): CodeIgniter\CodeIgniter->runController(Object(App\Controllers\Admin))
#10 C:\xampp\htdocs\Sistem-informasi-kependudukan\system\CodeIgniter.php(326): CodeIgniter\CodeIgniter->handleRequest(NULL, Object(Config\Cache), false)
#11 C:\xampp\htdocs\Sistem-informasi-kependudukan\public\index.php(37): CodeIgniter\CodeIgniter->run()
#12 C:\xampp\htdocs\Sistem-informasi-kependudukan\system\Commands\Server\rewrite.php(43): require_once('C:\\xampp\\htdocs...')
#13 {main}
ERROR - 2023-06-25 02:01:27 --> Column 'status' in where clause is ambiguous
CRITICAL - 2023-06-25 02:01:27 --> Column 'status' in where clause is ambiguous
#0 C:\xampp\htdocs\Sistem-informasi-kependudukan\system\Database\MySQLi\Connection.php(292): mysqli->query('SELECT COUNT(*)...', 0)
#1 C:\xampp\htdocs\Sistem-informasi-kependudukan\system\Database\BaseConnection.php(670): CodeIgniter\Database\MySQLi\Connection->execute('SELECT COUNT(*)...')
#2 C:\xampp\htdocs\Sistem-informasi-kependudukan\system\Database\BaseConnection.php(598): CodeIgniter\Database\BaseConnection->simpleQuery('SELECT COUNT(*)...')
#3 C:\xampp\htdocs\Sistem-informasi-kependudukan\system\Database\BaseBuilder.php(1539): CodeIgniter\Database\BaseConnection->query('SELECT COUNT(*)...', Array, false)
#4 C:\xampp\htdocs\Sistem-informasi-kependudukan\system\Model.php(509): CodeIgniter\Database\BaseBuilder->countAllResults(true)
#5 C:\xampp\htdocs\Sistem-informasi-kependudukan\app\Models\AdministrasiModel.php(92): CodeIgniter\Model->countAllResults()
#6 C:\xampp\htdocs\Sistem-informasi-kependudukan\app\Controllers\Admin.php(70): App\Models\AdministrasiModel->getAdministrasiCount()
#7 C:\xampp\htdocs\Sistem-informasi-kependudukan\app\Controllers\Admin.php(88): App\Controllers\Admin->getReqAdministrasi()
#8 C:\xampp\htdocs\Sistem-informasi-kependudukan\system\CodeIgniter.php(832): App\Controllers\Admin->index()
#9 C:\xampp\htdocs\Sistem-informasi-kependudukan\system\CodeIgniter.php(419): CodeIgniter\CodeIgniter->runController(Object(App\Controllers\Admin))
#10 C:\xampp\htdocs\Sistem-informasi-kependudukan\system\CodeIgniter.php(326): CodeIgniter\CodeIgniter->handleRequest(NULL, Object(Config\Cache), false)
#11 C:\xampp\htdocs\Sistem-informasi-kependudukan\public\index.php(37): CodeIgniter\CodeIgniter->run()
#12 C:\xampp\htdocs\Sistem-informasi-kependudukan\system\Commands\Server\rewrite.php(43): require_once('C:\\xampp\\htdocs...')
#13 {main}
ERROR - 2023-06-25 02:01:28 --> Column 'status' in where clause is ambiguous
CRITICAL - 2023-06-25 02:01:28 --> Column 'status' in where clause is ambiguous
#0 C:\xampp\htdocs\Sistem-informasi-kependudukan\system\Database\MySQLi\Connection.php(292): mysqli->query('SELECT COUNT(*)...', 0)
#1 C:\xampp\htdocs\Sistem-informasi-kependudukan\system\Database\BaseConnection.php(670): CodeIgniter\Database\MySQLi\Connection->execute('SELECT COUNT(*)...')
#2 C:\xampp\htdocs\Sistem-informasi-kependudukan\system\Database\BaseConnection.php(598): CodeIgniter\Database\BaseConnection->simpleQuery('SELECT COUNT(*)...')
#3 C:\xampp\htdocs\Sistem-informasi-kependudukan\system\Database\BaseBuilder.php(1539): CodeIgniter\Database\BaseConnection->query('SELECT COUNT(*)...', Array, false)
#4 C:\xampp\htdocs\Sistem-informasi-kependudukan\system\Model.php(509): CodeIgniter\Database\BaseBuilder->countAllResults(true)
#5 C:\xampp\htdocs\Sistem-informasi-kependudukan\app\Models\AdministrasiModel.php(92): CodeIgniter\Model->countAllResults()
#6 C:\xampp\htdocs\Sistem-informasi-kependudukan\app\Controllers\Admin.php(70): App\Models\AdministrasiModel->getAdministrasiCount()
#7 C:\xampp\htdocs\Sistem-informasi-kependudukan\app\Controllers\Admin.php(88): App\Controllers\Admin->getReqAdministrasi()
#8 C:\xampp\htdocs\Sistem-informasi-kependudukan\system\CodeIgniter.php(832): App\Controllers\Admin->index()
#9 C:\xampp\htdocs\Sistem-informasi-kependudukan\system\CodeIgniter.php(419): CodeIgniter\CodeIgniter->runController(Object(App\Controllers\Admin))
#10 C:\xampp\htdocs\Sistem-informasi-kependudukan\system\CodeIgniter.php(326): CodeIgniter\CodeIgniter->handleRequest(NULL, Object(Config\Cache), false)
#11 C:\xampp\htdocs\Sistem-informasi-kependudukan\public\index.php(37): CodeIgniter\CodeIgniter->run()
#12 C:\xampp\htdocs\Sistem-informasi-kependudukan\system\Commands\Server\rewrite.php(43): require_once('C:\\xampp\\htdocs...')
#13 {main}
ERROR - 2023-06-25 02:01:28 --> Column 'status' in where clause is ambiguous
CRITICAL - 2023-06-25 02:01:28 --> Column 'status' in where clause is ambiguous
#0 C:\xampp\htdocs\Sistem-informasi-kependudukan\system\Database\MySQLi\Connection.php(292): mysqli->query('SELECT COUNT(*)...', 0)
#1 C:\xampp\htdocs\Sistem-informasi-kependudukan\system\Database\BaseConnection.php(670): CodeIgniter\Database\MySQLi\Connection->execute('SELECT COUNT(*)...')
#2 C:\xampp\htdocs\Sistem-informasi-kependudukan\system\Database\BaseConnection.php(598): CodeIgniter\Database\BaseConnection->simpleQuery('SELECT COUNT(*)...')
#3 C:\xampp\htdocs\Sistem-informasi-kependudukan\system\Database\BaseBuilder.php(1539): CodeIgniter\Database\BaseConnection->query('SELECT COUNT(*)...', Array, false)
#4 C:\xampp\htdocs\Sistem-informasi-kependudukan\system\Model.php(509): CodeIgniter\Database\BaseBuilder->countAllResults(true)
#5 C:\xampp\htdocs\Sistem-informasi-kependudukan\app\Models\AdministrasiModel.php(92): CodeIgniter\Model->countAllResults()
#6 C:\xampp\htdocs\Sistem-informasi-kependudukan\app\Controllers\Admin.php(70): App\Models\AdministrasiModel->getAdministrasiCount()
#7 C:\xampp\htdocs\Sistem-informasi-kependudukan\app\Controllers\Admin.php(88): App\Controllers\Admin->getReqAdministrasi()
#8 C:\xampp\htdocs\Sistem-informasi-kependudukan\system\CodeIgniter.php(832): App\Controllers\Admin->index()
#9 C:\xampp\htdocs\Sistem-informasi-kependudukan\system\CodeIgniter.php(419): CodeIgniter\CodeIgniter->runController(Object(App\Controllers\Admin))
#10 C:\xampp\htdocs\Sistem-informasi-kependudukan\system\CodeIgniter.php(326): CodeIgniter\CodeIgniter->handleRequest(NULL, Object(Config\Cache), false)
#11 C:\xampp\htdocs\Sistem-informasi-kependudukan\public\index.php(37): CodeIgniter\CodeIgniter->run()
#12 C:\xampp\htdocs\Sistem-informasi-kependudukan\system\Commands\Server\rewrite.php(43): require_once('C:\\xampp\\htdocs...')
#13 {main}
ERROR - 2023-06-25 02:01:28 --> Column 'status' in where clause is ambiguous
CRITICAL - 2023-06-25 02:01:28 --> Column 'status' in where clause is ambiguous
#0 C:\xampp\htdocs\Sistem-informasi-kependudukan\system\Database\MySQLi\Connection.php(292): mysqli->query('SELECT COUNT(*)...', 0)
#1 C:\xampp\htdocs\Sistem-informasi-kependudukan\system\Database\BaseConnection.php(670): CodeIgniter\Database\MySQLi\Connection->execute('SELECT COUNT(*)...')
#2 C:\xampp\htdocs\Sistem-informasi-kependudukan\system\Database\BaseConnection.php(598): CodeIgniter\Database\BaseConnection->simpleQuery('SELECT COUNT(*)...')
#3 C:\xampp\htdocs\Sistem-informasi-kependudukan\system\Database\BaseBuilder.php(1539): CodeIgniter\Database\BaseConnection->query('SELECT COUNT(*)...', Array, false)
#4 C:\xampp\htdocs\Sistem-informasi-kependudukan\system\Model.php(509): CodeIgniter\Database\BaseBuilder->countAllResults(true)
#5 C:\xampp\htdocs\Sistem-informasi-kependudukan\app\Models\AdministrasiModel.php(92): CodeIgniter\Model->countAllResults()
#6 C:\xampp\htdocs\Sistem-informasi-kependudukan\app\Controllers\Admin.php(70): App\Models\AdministrasiModel->getAdministrasiCount()
#7 C:\xampp\htdocs\Sistem-informasi-kependudukan\app\Controllers\Admin.php(88): App\Controllers\Admin->getReqAdministrasi()
#8 C:\xampp\htdocs\Sistem-informasi-kependudukan\system\CodeIgniter.php(832): App\Controllers\Admin->index()
#9 C:\xampp\htdocs\Sistem-informasi-kependudukan\system\CodeIgniter.php(419): CodeIgniter\CodeIgniter->runController(Object(App\Controllers\Admin))
#10 C:\xampp\htdocs\Sistem-informasi-kependudukan\system\CodeIgniter.php(326): CodeIgniter\CodeIgniter->handleRequest(NULL, Object(Config\Cache), false)
#11 C:\xampp\htdocs\Sistem-informasi-kependudukan\public\index.php(37): CodeIgniter\CodeIgniter->run()
#12 C:\xampp\htdocs\Sistem-informasi-kependudukan\system\Commands\Server\rewrite.php(43): require_once('C:\\xampp\\htdocs...')
#13 {main}
ERROR - 2023-06-25 02:01:28 --> Column 'status' in where clause is ambiguous
CRITICAL - 2023-06-25 02:01:28 --> Column 'status' in where clause is ambiguous
#0 C:\xampp\htdocs\Sistem-informasi-kependudukan\system\Database\MySQLi\Connection.php(292): mysqli->query('SELECT COUNT(*)...', 0)
#1 C:\xampp\htdocs\Sistem-informasi-kependudukan\system\Database\BaseConnection.php(670): CodeIgniter\Database\MySQLi\Connection->execute('SELECT COUNT(*)...')
#2 C:\xampp\htdocs\Sistem-informasi-kependudukan\system\Database\BaseConnection.php(598): CodeIgniter\Database\BaseConnection->simpleQuery('SELECT COUNT(*)...')
#3 C:\xampp\htdocs\Sistem-informasi-kependudukan\system\Database\BaseBuilder.php(1539): CodeIgniter\Database\BaseConnection->query('SELECT COUNT(*)...', Array, false)
#4 C:\xampp\htdocs\Sistem-informasi-kependudukan\system\Model.php(509): CodeIgniter\Database\BaseBuilder->countAllResults(true)
#5 C:\xampp\htdocs\Sistem-informasi-kependudukan\app\Models\AdministrasiModel.php(92): CodeIgniter\Model->countAllResults()
#6 C:\xampp\htdocs\Sistem-informasi-kependudukan\app\Controllers\Admin.php(70): App\Models\AdministrasiModel->getAdministrasiCount()
#7 C:\xampp\htdocs\Sistem-informasi-kependudukan\app\Controllers\Admin.php(88): App\Controllers\Admin->getReqAdministrasi()
#8 C:\xampp\htdocs\Sistem-informasi-kependudukan\system\CodeIgniter.php(832): App\Controllers\Admin->index()
#9 C:\xampp\htdocs\Sistem-informasi-kependudukan\system\CodeIgniter.php(419): CodeIgniter\CodeIgniter->runController(Object(App\Controllers\Admin))
#10 C:\xampp\htdocs\Sistem-informasi-kependudukan\system\CodeIgniter.php(326): CodeIgniter\CodeIgniter->handleRequest(NULL, Object(Config\Cache), false)
#11 C:\xampp\htdocs\Sistem-informasi-kependudukan\public\index.php(37): CodeIgniter\CodeIgniter->run()
#12 C:\xampp\htdocs\Sistem-informasi-kependudukan\system\Commands\Server\rewrite.php(43): require_once('C:\\xampp\\htdocs...')
#13 {main}
ERROR - 2023-06-25 02:01:29 --> Column 'status' in where clause is ambiguous
CRITICAL - 2023-06-25 02:01:29 --> Column 'status' in where clause is ambiguous
#0 C:\xampp\htdocs\Sistem-informasi-kependudukan\system\Database\MySQLi\Connection.php(292): mysqli->query('SELECT COUNT(*)...', 0)
#1 C:\xampp\htdocs\Sistem-informasi-kependudukan\system\Database\BaseConnection.php(670): CodeIgniter\Database\MySQLi\Connection->execute('SELECT COUNT(*)...')
#2 C:\xampp\htdocs\Sistem-informasi-kependudukan\system\Database\BaseConnection.php(598): CodeIgniter\Database\BaseConnection->simpleQuery('SELECT COUNT(*)...')
#3 C:\xampp\htdocs\Sistem-informasi-kependudukan\system\Database\BaseBuilder.php(1539): CodeIgniter\Database\BaseConnection->query('SELECT COUNT(*)...', Array, false)
#4 C:\xampp\htdocs\Sistem-informasi-kependudukan\system\Model.php(509): CodeIgniter\Database\BaseBuilder->countAllResults(true)
#5 C:\xampp\htdocs\Sistem-informasi-kependudukan\app\Models\AdministrasiModel.php(92): CodeIgniter\Model->countAllResults()
#6 C:\xampp\htdocs\Sistem-informasi-kependudukan\app\Controllers\Admin.php(70): App\Models\AdministrasiModel->getAdministrasiCount()
#7 C:\xampp\htdocs\Sistem-informasi-kependudukan\app\Controllers\Admin.php(88): App\Controllers\Admin->getReqAdministrasi()
#8 C:\xampp\htdocs\Sistem-informasi-kependudukan\system\CodeIgniter.php(832): App\Controllers\Admin->index()
#9 C:\xampp\htdocs\Sistem-informasi-kependudukan\system\CodeIgniter.php(419): CodeIgniter\CodeIgniter->runController(Object(App\Controllers\Admin))
#10 C:\xampp\htdocs\Sistem-informasi-kependudukan\system\CodeIgniter.php(326): CodeIgniter\CodeIgniter->handleRequest(NULL, Object(Config\Cache), false)
#11 C:\xampp\htdocs\Sistem-informasi-kependudukan\public\index.php(37): CodeIgniter\CodeIgniter->run()
#12 C:\xampp\htdocs\Sistem-informasi-kependudukan\system\Commands\Server\rewrite.php(43): require_once('C:\\xampp\\htdocs...')
#13 {main}
ERROR - 2023-06-25 02:01:29 --> Column 'status' in where clause is ambiguous
CRITICAL - 2023-06-25 02:01:29 --> Column 'status' in where clause is ambiguous
#0 C:\xampp\htdocs\Sistem-informasi-kependudukan\system\Database\MySQLi\Connection.php(292): mysqli->query('SELECT COUNT(*)...', 0)
#1 C:\xampp\htdocs\Sistem-informasi-kependudukan\system\Database\BaseConnection.php(670): CodeIgniter\Database\MySQLi\Connection->execute('SELECT COUNT(*)...')
#2 C:\xampp\htdocs\Sistem-informasi-kependudukan\system\Database\BaseConnection.php(598): CodeIgniter\Database\BaseConnection->simpleQuery('SELECT COUNT(*)...')
#3 C:\xampp\htdocs\Sistem-informasi-kependudukan\system\Database\BaseBuilder.php(1539): CodeIgniter\Database\BaseConnection->query('SELECT COUNT(*)...', Array, false)
#4 C:\xampp\htdocs\Sistem-informasi-kependudukan\system\Model.php(509): CodeIgniter\Database\BaseBuilder->countAllResults(true)
#5 C:\xampp\htdocs\Sistem-informasi-kependudukan\app\Models\AdministrasiModel.php(92): CodeIgniter\Model->countAllResults()
#6 C:\xampp\htdocs\Sistem-informasi-kependudukan\app\Controllers\Admin.php(70): App\Models\AdministrasiModel->getAdministrasiCount()
#7 C:\xampp\htdocs\Sistem-informasi-kependudukan\app\Controllers\Admin.php(88): App\Controllers\Admin->getReqAdministrasi()
#8 C:\xampp\htdocs\Sistem-informasi-kependudukan\system\CodeIgniter.php(832): App\Controllers\Admin->index()
#9 C:\xampp\htdocs\Sistem-informasi-kependudukan\system\CodeIgniter.php(419): CodeIgniter\CodeIgniter->runController(Object(App\Controllers\Admin))
#10 C:\xampp\htdocs\Sistem-informasi-kependudukan\system\CodeIgniter.php(326): CodeIgniter\CodeIgniter->handleRequest(NULL, Object(Config\Cache), false)
#11 C:\xampp\htdocs\Sistem-informasi-kependudukan\public\index.php(37): CodeIgniter\CodeIgniter->run()
#12 C:\xampp\htdocs\Sistem-informasi-kependudukan\system\Commands\Server\rewrite.php(43): require_once('C:\\xampp\\htdocs...')
#13 {main}
ERROR - 2023-06-25 02:01:29 --> Column 'status' in where clause is ambiguous
CRITICAL - 2023-06-25 02:01:29 --> Column 'status' in where clause is ambiguous
#0 C:\xampp\htdocs\Sistem-informasi-kependudukan\system\Database\MySQLi\Connection.php(292): mysqli->query('SELECT COUNT(*)...', 0)
#1 C:\xampp\htdocs\Sistem-informasi-kependudukan\system\Database\BaseConnection.php(670): CodeIgniter\Database\MySQLi\Connection->execute('SELECT COUNT(*)...')
#2 C:\xampp\htdocs\Sistem-informasi-kependudukan\system\Database\BaseConnection.php(598): CodeIgniter\Database\BaseConnection->simpleQuery('SELECT COUNT(*)...')
#3 C:\xampp\htdocs\Sistem-informasi-kependudukan\system\Database\BaseBuilder.php(1539): CodeIgniter\Database\BaseConnection->query('SELECT COUNT(*)...', Array, false)
#4 C:\xampp\htdocs\Sistem-informasi-kependudukan\system\Model.php(509): CodeIgniter\Database\BaseBuilder->countAllResults(true)
#5 C:\xampp\htdocs\Sistem-informasi-kependudukan\app\Models\AdministrasiModel.php(92): CodeIgniter\Model->countAllResults()
#6 C:\xampp\htdocs\Sistem-informasi-kependudukan\app\Controllers\Admin.php(70): App\Models\AdministrasiModel->getAdministrasiCount()
#7 C:\xampp\htdocs\Sistem-informasi-kependudukan\app\Controllers\Admin.php(88): App\Controllers\Admin->getReqAdministrasi()
#8 C:\xampp\htdocs\Sistem-informasi-kependudukan\system\CodeIgniter.php(832): App\Controllers\Admin->index()
#9 C:\xampp\htdocs\Sistem-informasi-kependudukan\system\CodeIgniter.php(419): CodeIgniter\CodeIgniter->runController(Object(App\Controllers\Admin))
#10 C:\xampp\htdocs\Sistem-informasi-kependudukan\system\CodeIgniter.php(326): CodeIgniter\CodeIgniter->handleRequest(NULL, Object(Config\Cache), false)
#11 C:\xampp\htdocs\Sistem-informasi-kependudukan\public\index.php(37): CodeIgniter\CodeIgniter->run()
#12 C:\xampp\htdocs\Sistem-informasi-kependudukan\system\Commands\Server\rewrite.php(43): require_once('C:\\xampp\\htdocs...')
#13 {main}
ERROR - 2023-06-25 02:01:29 --> Column 'status' in where clause is ambiguous
CRITICAL - 2023-06-25 02:01:29 --> Column 'status' in where clause is ambiguous
#0 C:\xampp\htdocs\Sistem-informasi-kependudukan\system\Database\MySQLi\Connection.php(292): mysqli->query('SELECT COUNT(*)...', 0)
#1 C:\xampp\htdocs\Sistem-informasi-kependudukan\system\Database\BaseConnection.php(670): CodeIgniter\Database\MySQLi\Connection->execute('SELECT COUNT(*)...')
#2 C:\xampp\htdocs\Sistem-informasi-kependudukan\system\Database\BaseConnection.php(598): CodeIgniter\Database\BaseConnection->simpleQuery('SELECT COUNT(*)...')
#3 C:\xampp\htdocs\Sistem-informasi-kependudukan\system\Database\BaseBuilder.php(1539): CodeIgniter\Database\BaseConnection->query('SELECT COUNT(*)...', Array, false)
#4 C:\xampp\htdocs\Sistem-informasi-kependudukan\system\Model.php(509): CodeIgniter\Database\BaseBuilder->countAllResults(true)
#5 C:\xampp\htdocs\Sistem-informasi-kependudukan\app\Models\AdministrasiModel.php(92): CodeIgniter\Model->countAllResults()
#6 C:\xampp\htdocs\Sistem-informasi-kependudukan\app\Controllers\Admin.php(70): App\Models\AdministrasiModel->getAdministrasiCount()
#7 C:\xampp\htdocs\Sistem-informasi-kependudukan\app\Controllers\Admin.php(88): App\Controllers\Admin->getReqAdministrasi()
#8 C:\xampp\htdocs\Sistem-informasi-kependudukan\system\CodeIgniter.php(832): App\Controllers\Admin->index()
#9 C:\xampp\htdocs\Sistem-informasi-kependudukan\system\CodeIgniter.php(419): CodeIgniter\CodeIgniter->runController(Object(App\Controllers\Admin))
#10 C:\xampp\htdocs\Sistem-informasi-kependudukan\system\CodeIgniter.php(326): CodeIgniter\CodeIgniter->handleRequest(NULL, Object(Config\Cache), false)
#11 C:\xampp\htdocs\Sistem-informasi-kependudukan\public\index.php(37): CodeIgniter\CodeIgniter->run()
#12 C:\xampp\htdocs\Sistem-informasi-kependudukan\system\Commands\Server\rewrite.php(43): require_once('C:\\xampp\\htdocs...')
#13 {main}
ERROR - 2023-06-25 02:03:29 --> Unknown column 'administrasi_status' in 'where clause'
CRITICAL - 2023-06-25 02:03:29 --> Unknown column 'administrasi_status' in 'where clause'
#0 C:\xampp\htdocs\Sistem-informasi-kependudukan\system\Database\MySQLi\Connection.php(292): mysqli->query('SELECT COUNT(*)...', 0)
#1 C:\xampp\htdocs\Sistem-informasi-kependudukan\system\Database\BaseConnection.php(670): CodeIgniter\Database\MySQLi\Connection->execute('SELECT COUNT(*)...')
#2 C:\xampp\htdocs\Sistem-informasi-kependudukan\system\Database\BaseConnection.php(598): CodeIgniter\Database\BaseConnection->simpleQuery('SELECT COUNT(*)...')
#3 C:\xampp\htdocs\Sistem-informasi-kependudukan\system\Database\BaseBuilder.php(1539): CodeIgniter\Database\BaseConnection->query('SELECT COUNT(*)...', Array, false)
#4 C:\xampp\htdocs\Sistem-informasi-kependudukan\system\Model.php(509): CodeIgniter\Database\BaseBuilder->countAllResults(true)
#5 C:\xampp\htdocs\Sistem-informasi-kependudukan\app\Models\AdministrasiModel.php(92): CodeIgniter\Model->countAllResults()
#6 C:\xampp\htdocs\Sistem-informasi-kependudukan\app\Controllers\Admin.php(70): App\Models\AdministrasiModel->getAdministrasiCount()
#7 C:\xampp\htdocs\Sistem-informasi-kependudukan\app\Controllers\Admin.php(88): App\Controllers\Admin->getReqAdministrasi()
#8 C:\xampp\htdocs\Sistem-informasi-kependudukan\system\CodeIgniter.php(832): App\Controllers\Admin->index()
#9 C:\xampp\htdocs\Sistem-informasi-kependudukan\system\CodeIgniter.php(419): CodeIgniter\CodeIgniter->runController(Object(App\Controllers\Admin))
#10 C:\xampp\htdocs\Sistem-informasi-kependudukan\system\CodeIgniter.php(326): CodeIgniter\CodeIgniter->handleRequest(NULL, Object(Config\Cache), false)
#11 C:\xampp\htdocs\Sistem-informasi-kependudukan\public\index.php(37): CodeIgniter\CodeIgniter->run()
#12 C:\xampp\htdocs\Sistem-informasi-kependudukan\system\Commands\Server\rewrite.php(43): require_once('C:\\xampp\\htdocs...')
#13 {main}
ERROR - 2023-06-25 02:03:30 --> Unknown column 'administrasi_status' in 'where clause'
CRITICAL - 2023-06-25 02:03:30 --> Unknown column 'administrasi_status' in 'where clause'
#0 C:\xampp\htdocs\Sistem-informasi-kependudukan\system\Database\MySQLi\Connection.php(292): mysqli->query('SELECT COUNT(*)...', 0)
#1 C:\xampp\htdocs\Sistem-informasi-kependudukan\system\Database\BaseConnection.php(670): CodeIgniter\Database\MySQLi\Connection->execute('SELECT COUNT(*)...')
#2 C:\xampp\htdocs\Sistem-informasi-kependudukan\system\Database\BaseConnection.php(598): CodeIgniter\Database\BaseConnection->simpleQuery('SELECT COUNT(*)...')
#3 C:\xampp\htdocs\Sistem-informasi-kependudukan\system\Database\BaseBuilder.php(1539): CodeIgniter\Database\BaseConnection->query('SELECT COUNT(*)...', Array, false)
#4 C:\xampp\htdocs\Sistem-informasi-kependudukan\system\Model.php(509): CodeIgniter\Database\BaseBuilder->countAllResults(true)
#5 C:\xampp\htdocs\Sistem-informasi-kependudukan\app\Models\AdministrasiModel.php(92): CodeIgniter\Model->countAllResults()
#6 C:\xampp\htdocs\Sistem-informasi-kependudukan\app\Controllers\Admin.php(70): App\Models\AdministrasiModel->getAdministrasiCount()
#7 C:\xampp\htdocs\Sistem-informasi-kependudukan\app\Controllers\Admin.php(88): App\Controllers\Admin->getReqAdministrasi()
#8 C:\xampp\htdocs\Sistem-informasi-kependudukan\system\CodeIgniter.php(832): App\Controllers\Admin->index()
#9 C:\xampp\htdocs\Sistem-informasi-kependudukan\system\CodeIgniter.php(419): CodeIgniter\CodeIgniter->runController(Object(App\Controllers\Admin))
#10 C:\xampp\htdocs\Sistem-informasi-kependudukan\system\CodeIgniter.php(326): CodeIgniter\CodeIgniter->handleRequest(NULL, Object(Config\Cache), false)
#11 C:\xampp\htdocs\Sistem-informasi-kependudukan\public\index.php(37): CodeIgniter\CodeIgniter->run()
#12 C:\xampp\htdocs\Sistem-informasi-kependudukan\system\Commands\Server\rewrite.php(43): require_once('C:\\xampp\\htdocs...')
#13 {main}
ERROR - 2023-06-25 02:03:57 --> Unknown column 'users.user_id' in 'on clause'
CRITICAL - 2023-06-25 02:03:57 --> Unknown column 'users.user_id' in 'on clause'
#0 C:\xampp\htdocs\Sistem-informasi-kependudukan\system\Database\MySQLi\Connection.php(292): mysqli->query('SELECT COUNT(*)...', 0)
#1 C:\xampp\htdocs\Sistem-informasi-kependudukan\system\Database\BaseConnection.php(670): CodeIgniter\Database\MySQLi\Connection->execute('SELECT COUNT(*)...')
#2 C:\xampp\htdocs\Sistem-informasi-kependudukan\system\Database\BaseConnection.php(598): CodeIgniter\Database\BaseConnection->simpleQuery('SELECT COUNT(*)...')
#3 C:\xampp\htdocs\Sistem-informasi-kependudukan\system\Database\BaseBuilder.php(1539): CodeIgniter\Database\BaseConnection->query('SELECT COUNT(*)...', Array, false)
#4 C:\xampp\htdocs\Sistem-informasi-kependudukan\system\Model.php(509): CodeIgniter\Database\BaseBuilder->countAllResults(true)
#5 C:\xampp\htdocs\Sistem-informasi-kependudukan\app\Models\AdministrasiModel.php(92): CodeIgniter\Model->countAllResults()
#6 C:\xampp\htdocs\Sistem-informasi-kependudukan\app\Controllers\Admin.php(70): App\Models\AdministrasiModel->getAdministrasiCount()
#7 C:\xampp\htdocs\Sistem-informasi-kependudukan\app\Controllers\Admin.php(88): App\Controllers\Admin->getReqAdministrasi()
#8 C:\xampp\htdocs\Sistem-informasi-kependudukan\system\CodeIgniter.php(832): App\Controllers\Admin->index()
#9 C:\xampp\htdocs\Sistem-informasi-kependudukan\system\CodeIgniter.php(419): CodeIgniter\CodeIgniter->runController(Object(App\Controllers\Admin))
#10 C:\xampp\htdocs\Sistem-informasi-kependudukan\system\CodeIgniter.php(326): CodeIgniter\CodeIgniter->handleRequest(NULL, Object(Config\Cache), false)
#11 C:\xampp\htdocs\Sistem-informasi-kependudukan\public\index.php(37): CodeIgniter\CodeIgniter->run()
#12 C:\xampp\htdocs\Sistem-informasi-kependudukan\system\Commands\Server\rewrite.php(43): require_once('C:\\xampp\\htdocs...')
#13 {main}
ERROR - 2023-06-25 02:03:57 --> Unknown column 'users.user_id' in 'on clause'
CRITICAL - 2023-06-25 02:03:57 --> Unknown column 'users.user_id' in 'on clause'
#0 C:\xampp\htdocs\Sistem-informasi-kependudukan\system\Database\MySQLi\Connection.php(292): mysqli->query('SELECT COUNT(*)...', 0)
#1 C:\xampp\htdocs\Sistem-informasi-kependudukan\system\Database\BaseConnection.php(670): CodeIgniter\Database\MySQLi\Connection->execute('SELECT COUNT(*)...')
#2 C:\xampp\htdocs\Sistem-informasi-kependudukan\system\Database\BaseConnection.php(598): CodeIgniter\Database\BaseConnection->simpleQuery('SELECT COUNT(*)...')
#3 C:\xampp\htdocs\Sistem-informasi-kependudukan\system\Database\BaseBuilder.php(1539): CodeIgniter\Database\BaseConnection->query('SELECT COUNT(*)...', Array, false)
#4 C:\xampp\htdocs\Sistem-informasi-kependudukan\system\Model.php(509): CodeIgniter\Database\BaseBuilder->countAllResults(true)
#5 C:\xampp\htdocs\Sistem-informasi-kependudukan\app\Models\AdministrasiModel.php(92): CodeIgniter\Model->countAllResults()
#6 C:\xampp\htdocs\Sistem-informasi-kependudukan\app\Controllers\Admin.php(70): App\Models\AdministrasiModel->getAdministrasiCount()
#7 C:\xampp\htdocs\Sistem-informasi-kependudukan\app\Controllers\Admin.php(88): App\Controllers\Admin->getReqAdministrasi()
#8 C:\xampp\htdocs\Sistem-informasi-kependudukan\system\CodeIgniter.php(832): App\Controllers\Admin->index()
#9 C:\xampp\htdocs\Sistem-informasi-kependudukan\system\CodeIgniter.php(419): CodeIgniter\CodeIgniter->runController(Object(App\Controllers\Admin))
#10 C:\xampp\htdocs\Sistem-informasi-kependudukan\system\CodeIgniter.php(326): CodeIgniter\CodeIgniter->handleRequest(NULL, Object(Config\Cache), false)
#11 C:\xampp\htdocs\Sistem-informasi-kependudukan\public\index.php(37): CodeIgniter\CodeIgniter->run()
#12 C:\xampp\htdocs\Sistem-informasi-kependudukan\system\Commands\Server\rewrite.php(43): require_once('C:\\xampp\\htdocs...')
#13 {main}
ERROR - 2023-06-25 02:03:58 --> Unknown column 'users.user_id' in 'on clause'
CRITICAL - 2023-06-25 02:03:58 --> Unknown column 'users.user_id' in 'on clause'
#0 C:\xampp\htdocs\Sistem-informasi-kependudukan\system\Database\MySQLi\Connection.php(292): mysqli->query('SELECT COUNT(*)...', 0)
#1 C:\xampp\htdocs\Sistem-informasi-kependudukan\system\Database\BaseConnection.php(670): CodeIgniter\Database\MySQLi\Connection->execute('SELECT COUNT(*)...')
#2 C:\xampp\htdocs\Sistem-informasi-kependudukan\system\Database\BaseConnection.php(598): CodeIgniter\Database\BaseConnection->simpleQuery('SELECT COUNT(*)...')
#3 C:\xampp\htdocs\Sistem-informasi-kependudukan\system\Database\BaseBuilder.php(1539): CodeIgniter\Database\BaseConnection->query('SELECT COUNT(*)...', Array, false)
#4 C:\xampp\htdocs\Sistem-informasi-kependudukan\system\Model.php(509): CodeIgniter\Database\BaseBuilder->countAllResults(true)
#5 C:\xampp\htdocs\Sistem-informasi-kependudukan\app\Models\AdministrasiModel.php(92): CodeIgniter\Model->countAllResults()
#6 C:\xampp\htdocs\Sistem-informasi-kependudukan\app\Controllers\Admin.php(70): App\Models\AdministrasiModel->getAdministrasiCount()
#7 C:\xampp\htdocs\Sistem-informasi-kependudukan\app\Controllers\Admin.php(88): App\Controllers\Admin->getReqAdministrasi()
#8 C:\xampp\htdocs\Sistem-informasi-kependudukan\system\CodeIgniter.php(832): App\Controllers\Admin->index()
#9 C:\xampp\htdocs\Sistem-informasi-kependudukan\system\CodeIgniter.php(419): CodeIgniter\CodeIgniter->runController(Object(App\Controllers\Admin))
#10 C:\xampp\htdocs\Sistem-informasi-kependudukan\system\CodeIgniter.php(326): CodeIgniter\CodeIgniter->handleRequest(NULL, Object(Config\Cache), false)
#11 C:\xampp\htdocs\Sistem-informasi-kependudukan\public\index.php(37): CodeIgniter\CodeIgniter->run()
#12 C:\xampp\htdocs\Sistem-informasi-kependudukan\system\Commands\Server\rewrite.php(43): require_once('C:\\xampp\\htdocs...')
#13 {main}
ERROR - 2023-06-25 02:03:58 --> Unknown column 'users.user_id' in 'on clause'
CRITICAL - 2023-06-25 02:03:58 --> Unknown column 'users.user_id' in 'on clause'
#0 C:\xampp\htdocs\Sistem-informasi-kependudukan\system\Database\MySQLi\Connection.php(292): mysqli->query('SELECT COUNT(*)...', 0)
#1 C:\xampp\htdocs\Sistem-informasi-kependudukan\system\Database\BaseConnection.php(670): CodeIgniter\Database\MySQLi\Connection->execute('SELECT COUNT(*)...')
#2 C:\xampp\htdocs\Sistem-informasi-kependudukan\system\Database\BaseConnection.php(598): CodeIgniter\Database\BaseConnection->simpleQuery('SELECT COUNT(*)...')
#3 C:\xampp\htdocs\Sistem-informasi-kependudukan\system\Database\BaseBuilder.php(1539): CodeIgniter\Database\BaseConnection->query('SELECT COUNT(*)...', Array, false)
#4 C:\xampp\htdocs\Sistem-informasi-kependudukan\system\Model.php(509): CodeIgniter\Database\BaseBuilder->countAllResults(true)
#5 C:\xampp\htdocs\Sistem-informasi-kependudukan\app\Models\AdministrasiModel.php(92): CodeIgniter\Model->countAllResults()
#6 C:\xampp\htdocs\Sistem-informasi-kependudukan\app\Controllers\Admin.php(70): App\Models\AdministrasiModel->getAdministrasiCount()
#7 C:\xampp\htdocs\Sistem-informasi-kependudukan\app\Controllers\Admin.php(88): App\Controllers\Admin->getReqAdministrasi()
#8 C:\xampp\htdocs\Sistem-informasi-kependudukan\system\CodeIgniter.php(832): App\Controllers\Admin->index()
#9 C:\xampp\htdocs\Sistem-informasi-kependudukan\system\CodeIgniter.php(419): CodeIgniter\CodeIgniter->runController(Object(App\Controllers\Admin))
#10 C:\xampp\htdocs\Sistem-informasi-kependudukan\system\CodeIgniter.php(326): CodeIgniter\CodeIgniter->handleRequest(NULL, Object(Config\Cache), false)
#11 C:\xampp\htdocs\Sistem-informasi-kependudukan\public\index.php(37): CodeIgniter\CodeIgniter->run()
#12 C:\xampp\htdocs\Sistem-informasi-kependudukan\system\Commands\Server\rewrite.php(43): require_once('C:\\xampp\\htdocs...')
#13 {main}
ERROR - 2023-06-25 02:03:59 --> Unknown column 'users.user_id' in 'on clause'
CRITICAL - 2023-06-25 02:03:59 --> Unknown column 'users.user_id' in 'on clause'
#0 C:\xampp\htdocs\Sistem-informasi-kependudukan\system\Database\MySQLi\Connection.php(292): mysqli->query('SELECT COUNT(*)...', 0)
#1 C:\xampp\htdocs\Sistem-informasi-kependudukan\system\Database\BaseConnection.php(670): CodeIgniter\Database\MySQLi\Connection->execute('SELECT COUNT(*)...')
#2 C:\xampp\htdocs\Sistem-informasi-kependudukan\system\Database\BaseConnection.php(598): CodeIgniter\Database\BaseConnection->simpleQuery('SELECT COUNT(*)...')
#3 C:\xampp\htdocs\Sistem-informasi-kependudukan\system\Database\BaseBuilder.php(1539): CodeIgniter\Database\BaseConnection->query('SELECT COUNT(*)...', Array, false)
#4 C:\xampp\htdocs\Sistem-informasi-kependudukan\system\Model.php(509): CodeIgniter\Database\BaseBuilder->countAllResults(true)
#5 C:\xampp\htdocs\Sistem-informasi-kependudukan\app\Models\AdministrasiModel.php(92): CodeIgniter\Model->countAllResults()
#6 C:\xampp\htdocs\Sistem-informasi-kependudukan\app\Controllers\Admin.php(70): App\Models\AdministrasiModel->getAdministrasiCount()
#7 C:\xampp\htdocs\Sistem-informasi-kependudukan\app\Controllers\Admin.php(88): App\Controllers\Admin->getReqAdministrasi()
#8 C:\xampp\htdocs\Sistem-informasi-kependudukan\system\CodeIgniter.php(832): App\Controllers\Admin->index()
#9 C:\xampp\htdocs\Sistem-informasi-kependudukan\system\CodeIgniter.php(419): CodeIgniter\CodeIgniter->runController(Object(App\Controllers\Admin))
#10 C:\xampp\htdocs\Sistem-informasi-kependudukan\system\CodeIgniter.php(326): CodeIgniter\CodeIgniter->handleRequest(NULL, Object(Config\Cache), false)
#11 C:\xampp\htdocs\Sistem-informasi-kependudukan\public\index.php(37): CodeIgniter\CodeIgniter->run()
#12 C:\xampp\htdocs\Sistem-informasi-kependudukan\system\Commands\Server\rewrite.php(43): require_once('C:\\xampp\\htdocs...')
#13 {main}
ERROR - 2023-06-25 02:03:59 --> Unknown column 'users.user_id' in 'on clause'
CRITICAL - 2023-06-25 02:03:59 --> Unknown column 'users.user_id' in 'on clause'
#0 C:\xampp\htdocs\Sistem-informasi-kependudukan\system\Database\MySQLi\Connection.php(292): mysqli->query('SELECT COUNT(*)...', 0)
#1 C:\xampp\htdocs\Sistem-informasi-kependudukan\system\Database\BaseConnection.php(670): CodeIgniter\Database\MySQLi\Connection->execute('SELECT COUNT(*)...')
#2 C:\xampp\htdocs\Sistem-informasi-kependudukan\system\Database\BaseConnection.php(598): CodeIgniter\Database\BaseConnection->simpleQuery('SELECT COUNT(*)...')
#3 C:\xampp\htdocs\Sistem-informasi-kependudukan\system\Database\BaseBuilder.php(1539): CodeIgniter\Database\BaseConnection->query('SELECT COUNT(*)...', Array, false)
#4 C:\xampp\htdocs\Sistem-informasi-kependudukan\system\Model.php(509): CodeIgniter\Database\BaseBuilder->countAllResults(true)
#5 C:\xampp\htdocs\Sistem-informasi-kependudukan\app\Models\AdministrasiModel.php(92): CodeIgniter\Model->countAllResults()
#6 C:\xampp\htdocs\Sistem-informasi-kependudukan\app\Controllers\Admin.php(70): App\Models\AdministrasiModel->getAdministrasiCount()
#7 C:\xampp\htdocs\Sistem-informasi-kependudukan\app\Controllers\Admin.php(88): App\Controllers\Admin->getReqAdministrasi()
#8 C:\xampp\htdocs\Sistem-informasi-kependudukan\system\CodeIgniter.php(832): App\Controllers\Admin->index()
#9 C:\xampp\htdocs\Sistem-informasi-kependudukan\system\CodeIgniter.php(419): CodeIgniter\CodeIgniter->runController(Object(App\Controllers\Admin))
#10 C:\xampp\htdocs\Sistem-informasi-kependudukan\system\CodeIgniter.php(326): CodeIgniter\CodeIgniter->handleRequest(NULL, Object(Config\Cache), false)
#11 C:\xampp\htdocs\Sistem-informasi-kependudukan\public\index.php(37): CodeIgniter\CodeIgniter->run()
#12 C:\xampp\htdocs\Sistem-informasi-kependudukan\system\Commands\Server\rewrite.php(43): require_once('C:\\xampp\\htdocs...')
#13 {main}
ERROR - 2023-06-25 02:04:26 --> Not unique table/alias: 'users'
CRITICAL - 2023-06-25 02:04:26 --> Not unique table/alias: 'users'
#0 C:\xampp\htdocs\Sistem-informasi-kependudukan\system\Database\MySQLi\Connection.php(292): mysqli->query('SELECT COUNT(*)...', 0)
#1 C:\xampp\htdocs\Sistem-informasi-kependudukan\system\Database\BaseConnection.php(670): CodeIgniter\Database\MySQLi\Connection->execute('SELECT COUNT(*)...')
#2 C:\xampp\htdocs\Sistem-informasi-kependudukan\system\Database\BaseConnection.php(598): CodeIgniter\Database\BaseConnection->simpleQuery('SELECT COUNT(*)...')
#3 C:\xampp\htdocs\Sistem-informasi-kependudukan\system\Database\BaseBuilder.php(1539): CodeIgniter\Database\BaseConnection->query('SELECT COUNT(*)...', Array, false)
#4 C:\xampp\htdocs\Sistem-informasi-kependudukan\system\Model.php(509): CodeIgniter\Database\BaseBuilder->countAllResults(true)
#5 C:\xampp\htdocs\Sistem-informasi-kependudukan\app\Models\PelaporanModel.php(109): CodeIgniter\Model->countAllResults()
#6 C:\xampp\htdocs\Sistem-informasi-kependudukan\app\Controllers\Admin.php(76): App\Models\PelaporanModel->getPelaporanCount()
#7 C:\xampp\htdocs\Sistem-informasi-kependudukan\app\Controllers\Admin.php(89): App\Controllers\Admin->getReqLaporan()
#8 C:\xampp\htdocs\Sistem-informasi-kependudukan\system\CodeIgniter.php(832): App\Controllers\Admin->index()
#9 C:\xampp\htdocs\Sistem-informasi-kependudukan\system\CodeIgniter.php(419): CodeIgniter\CodeIgniter->runController(Object(App\Controllers\Admin))
#10 C:\xampp\htdocs\Sistem-informasi-kependudukan\system\CodeIgniter.php(326): CodeIgniter\CodeIgniter->handleRequest(NULL, Object(Config\Cache), false)
#11 C:\xampp\htdocs\Sistem-informasi-kependudukan\public\index.php(37): CodeIgniter\CodeIgniter->run()
#12 C:\xampp\htdocs\Sistem-informasi-kependudukan\system\Commands\Server\rewrite.php(43): require_once('C:\\xampp\\htdocs...')
#13 {main}
ERROR - 2023-06-25 02:04:27 --> Not unique table/alias: 'users'
CRITICAL - 2023-06-25 02:04:27 --> Not unique table/alias: 'users'
#0 C:\xampp\htdocs\Sistem-informasi-kependudukan\system\Database\MySQLi\Connection.php(292): mysqli->query('SELECT COUNT(*)...', 0)
#1 C:\xampp\htdocs\Sistem-informasi-kependudukan\system\Database\BaseConnection.php(670): CodeIgniter\Database\MySQLi\Connection->execute('SELECT COUNT(*)...')
#2 C:\xampp\htdocs\Sistem-informasi-kependudukan\system\Database\BaseConnection.php(598): CodeIgniter\Database\BaseConnection->simpleQuery('SELECT COUNT(*)...')
#3 C:\xampp\htdocs\Sistem-informasi-kependudukan\system\Database\BaseBuilder.php(1539): CodeIgniter\Database\BaseConnection->query('SELECT COUNT(*)...', Array, false)
#4 C:\xampp\htdocs\Sistem-informasi-kependudukan\system\Model.php(509): CodeIgniter\Database\BaseBuilder->countAllResults(true)
#5 C:\xampp\htdocs\Sistem-informasi-kependudukan\app\Models\PelaporanModel.php(109): CodeIgniter\Model->countAllResults()
#6 C:\xampp\htdocs\Sistem-informasi-kependudukan\app\Controllers\Admin.php(76): App\Models\PelaporanModel->getPelaporanCount()
#7 C:\xampp\htdocs\Sistem-informasi-kependudukan\app\Controllers\Admin.php(89): App\Controllers\Admin->getReqLaporan()
#8 C:\xampp\htdocs\Sistem-informasi-kependudukan\system\CodeIgniter.php(832): App\Controllers\Admin->index()
#9 C:\xampp\htdocs\Sistem-informasi-kependudukan\system\CodeIgniter.php(419): CodeIgniter\CodeIgniter->runController(Object(App\Controllers\Admin))
#10 C:\xampp\htdocs\Sistem-informasi-kependudukan\system\CodeIgniter.php(326): CodeIgniter\CodeIgniter->handleRequest(NULL, Object(Config\Cache), false)
#11 C:\xampp\htdocs\Sistem-informasi-kependudukan\public\index.php(37): CodeIgniter\CodeIgniter->run()
#12 C:\xampp\htdocs\Sistem-informasi-kependudukan\system\Commands\Server\rewrite.php(43): require_once('C:\\xampp\\htdocs...')
#13 {main}
ERROR - 2023-06-25 02:04:28 --> Not unique table/alias: 'users'
CRITICAL - 2023-06-25 02:04:28 --> Not unique table/alias: 'users'
#0 C:\xampp\htdocs\Sistem-informasi-kependudukan\system\Database\MySQLi\Connection.php(292): mysqli->query('SELECT COUNT(*)...', 0)
#1 C:\xampp\htdocs\Sistem-informasi-kependudukan\system\Database\BaseConnection.php(670): CodeIgniter\Database\MySQLi\Connection->execute('SELECT COUNT(*)...')
#2 C:\xampp\htdocs\Sistem-informasi-kependudukan\system\Database\BaseConnection.php(598): CodeIgniter\Database\BaseConnection->simpleQuery('SELECT COUNT(*)...')
#3 C:\xampp\htdocs\Sistem-informasi-kependudukan\system\Database\BaseBuilder.php(1539): CodeIgniter\Database\BaseConnection->query('SELECT COUNT(*)...', Array, false)
#4 C:\xampp\htdocs\Sistem-informasi-kependudukan\system\Model.php(509): CodeIgniter\Database\BaseBuilder->countAllResults(true)
#5 C:\xampp\htdocs\Sistem-informasi-kependudukan\app\Models\PelaporanModel.php(109): CodeIgniter\Model->countAllResults()
#6 C:\xampp\htdocs\Sistem-informasi-kependudukan\app\Controllers\Admin.php(76): App\Models\PelaporanModel->getPelaporanCount()
#7 C:\xampp\htdocs\Sistem-informasi-kependudukan\app\Controllers\Admin.php(89): App\Controllers\Admin->getReqLaporan()
#8 C:\xampp\htdocs\Sistem-informasi-kependudukan\system\CodeIgniter.php(832): App\Controllers\Admin->index()
#9 C:\xampp\htdocs\Sistem-informasi-kependudukan\system\CodeIgniter.php(419): CodeIgniter\CodeIgniter->runController(Object(App\Controllers\Admin))
#10 C:\xampp\htdocs\Sistem-informasi-kependudukan\system\CodeIgniter.php(326): CodeIgniter\CodeIgniter->handleRequest(NULL, Object(Config\Cache), false)
#11 C:\xampp\htdocs\Sistem-informasi-kependudukan\public\index.php(37): CodeIgniter\CodeIgniter->run()
#12 C:\xampp\htdocs\Sistem-informasi-kependudukan\system\Commands\Server\rewrite.php(43): require_once('C:\\xampp\\htdocs...')
#13 {main}
ERROR - 2023-06-25 02:04:28 --> Not unique table/alias: 'users'
CRITICAL - 2023-06-25 02:04:28 --> Not unique table/alias: 'users'
#0 C:\xampp\htdocs\Sistem-informasi-kependudukan\system\Database\MySQLi\Connection.php(292): mysqli->query('SELECT COUNT(*)...', 0)
#1 C:\xampp\htdocs\Sistem-informasi-kependudukan\system\Database\BaseConnection.php(670): CodeIgniter\Database\MySQLi\Connection->execute('SELECT COUNT(*)...')
#2 C:\xampp\htdocs\Sistem-informasi-kependudukan\system\Database\BaseConnection.php(598): CodeIgniter\Database\BaseConnection->simpleQuery('SELECT COUNT(*)...')
#3 C:\xampp\htdocs\Sistem-informasi-kependudukan\system\Database\BaseBuilder.php(1539): CodeIgniter\Database\BaseConnection->query('SELECT COUNT(*)...', Array, false)
#4 C:\xampp\htdocs\Sistem-informasi-kependudukan\system\Model.php(509): CodeIgniter\Database\BaseBuilder->countAllResults(true)
#5 C:\xampp\htdocs\Sistem-informasi-kependudukan\app\Models\PelaporanModel.php(109): CodeIgniter\Model->countAllResults()
#6 C:\xampp\htdocs\Sistem-informasi-kependudukan\app\Controllers\Admin.php(76): App\Models\PelaporanModel->getPelaporanCount()
#7 C:\xampp\htdocs\Sistem-informasi-kependudukan\app\Controllers\Admin.php(89): App\Controllers\Admin->getReqLaporan()
#8 C:\xampp\htdocs\Sistem-informasi-kependudukan\system\CodeIgniter.php(832): App\Controllers\Admin->index()
#9 C:\xampp\htdocs\Sistem-informasi-kependudukan\system\CodeIgniter.php(419): CodeIgniter\CodeIgniter->runController(Object(App\Controllers\Admin))
#10 C:\xampp\htdocs\Sistem-informasi-kependudukan\system\CodeIgniter.php(326): CodeIgniter\CodeIgniter->handleRequest(NULL, Object(Config\Cache), false)
#11 C:\xampp\htdocs\Sistem-informasi-kependudukan\public\index.php(37): CodeIgniter\CodeIgniter->run()
#12 C:\xampp\htdocs\Sistem-informasi-kependudukan\system\Commands\Server\rewrite.php(43): require_once('C:\\xampp\\htdocs...')
#13 {main}
ERROR - 2023-06-25 02:04:28 --> Not unique table/alias: 'users'
CRITICAL - 2023-06-25 02:04:28 --> Not unique table/alias: 'users'
#0 C:\xampp\htdocs\Sistem-informasi-kependudukan\system\Database\MySQLi\Connection.php(292): mysqli->query('SELECT COUNT(*)...', 0)
#1 C:\xampp\htdocs\Sistem-informasi-kependudukan\system\Database\BaseConnection.php(670): CodeIgniter\Database\MySQLi\Connection->execute('SELECT COUNT(*)...')
#2 C:\xampp\htdocs\Sistem-informasi-kependudukan\system\Database\BaseConnection.php(598): CodeIgniter\Database\BaseConnection->simpleQuery('SELECT COUNT(*)...')
#3 C:\xampp\htdocs\Sistem-informasi-kependudukan\system\Database\BaseBuilder.php(1539): CodeIgniter\Database\BaseConnection->query('SELECT COUNT(*)...', Array, false)
#4 C:\xampp\htdocs\Sistem-informasi-kependudukan\system\Model.php(509): CodeIgniter\Database\BaseBuilder->countAllResults(true)
#5 C:\xampp\htdocs\Sistem-informasi-kependudukan\app\Models\PelaporanModel.php(109): CodeIgniter\Model->countAllResults()
#6 C:\xampp\htdocs\Sistem-informasi-kependudukan\app\Controllers\Admin.php(76): App\Models\PelaporanModel->getPelaporanCount()
#7 C:\xampp\htdocs\Sistem-informasi-kependudukan\app\Controllers\Admin.php(89): App\Controllers\Admin->getReqLaporan()
#8 C:\xampp\htdocs\Sistem-informasi-kependudukan\system\CodeIgniter.php(832): App\Controllers\Admin->index()
#9 C:\xampp\htdocs\Sistem-informasi-kependudukan\system\CodeIgniter.php(419): CodeIgniter\CodeIgniter->runController(Object(App\Controllers\Admin))
#10 C:\xampp\htdocs\Sistem-informasi-kependudukan\system\CodeIgniter.php(326): CodeIgniter\CodeIgniter->handleRequest(NULL, Object(Config\Cache), false)
#11 C:\xampp\htdocs\Sistem-informasi-kependudukan\public\index.php(37): CodeIgniter\CodeIgniter->run()
#12 C:\xampp\htdocs\Sistem-informasi-kependudukan\system\Commands\Server\rewrite.php(43): require_once('C:\\xampp\\htdocs...')
#13 {main}
ERROR - 2023-06-25 02:04:29 --> Not unique table/alias: 'users'
CRITICAL - 2023-06-25 02:04:29 --> Not unique table/alias: 'users'
#0 C:\xampp\htdocs\Sistem-informasi-kependudukan\system\Database\MySQLi\Connection.php(292): mysqli->query('SELECT COUNT(*)...', 0)
#1 C:\xampp\htdocs\Sistem-informasi-kependudukan\system\Database\BaseConnection.php(670): CodeIgniter\Database\MySQLi\Connection->execute('SELECT COUNT(*)...')
#2 C:\xampp\htdocs\Sistem-informasi-kependudukan\system\Database\BaseConnection.php(598): CodeIgniter\Database\BaseConnection->simpleQuery('SELECT COUNT(*)...')
#3 C:\xampp\htdocs\Sistem-informasi-kependudukan\system\Database\BaseBuilder.php(1539): CodeIgniter\Database\BaseConnection->query('SELECT COUNT(*)...', Array, false)
#4 C:\xampp\htdocs\Sistem-informasi-kependudukan\system\Model.php(509): CodeIgniter\Database\BaseBuilder->countAllResults(true)
#5 C:\xampp\htdocs\Sistem-informasi-kependudukan\app\Models\PelaporanModel.php(109): CodeIgniter\Model->countAllResults()
#6 C:\xampp\htdocs\Sistem-informasi-kependudukan\app\Controllers\Admin.php(76): App\Models\PelaporanModel->getPelaporanCount()
#7 C:\xampp\htdocs\Sistem-informasi-kependudukan\app\Controllers\Admin.php(89): App\Controllers\Admin->getReqLaporan()
#8 C:\xampp\htdocs\Sistem-informasi-kependudukan\system\CodeIgniter.php(832): App\Controllers\Admin->index()
#9 C:\xampp\htdocs\Sistem-informasi-kependudukan\system\CodeIgniter.php(419): CodeIgniter\CodeIgniter->runController(Object(App\Controllers\Admin))
#10 C:\xampp\htdocs\Sistem-informasi-kependudukan\system\CodeIgniter.php(326): CodeIgniter\CodeIgniter->handleRequest(NULL, Object(Config\Cache), false)
#11 C:\xampp\htdocs\Sistem-informasi-kependudukan\public\index.php(37): CodeIgniter\CodeIgniter->run()
#12 C:\xampp\htdocs\Sistem-informasi-kependudukan\system\Commands\Server\rewrite.php(43): require_once('C:\\xampp\\htdocs...')
#13 {main}
ERROR - 2023-06-25 02:04:58 --> Not unique table/alias: 'users'
CRITICAL - 2023-06-25 02:04:58 --> Not unique table/alias: 'users'
#0 C:\xampp\htdocs\Sistem-informasi-kependudukan\system\Database\MySQLi\Connection.php(292): mysqli->query('SELECT COUNT(*)...', 0)
#1 C:\xampp\htdocs\Sistem-informasi-kependudukan\system\Database\BaseConnection.php(670): CodeIgniter\Database\MySQLi\Connection->execute('SELECT COUNT(*)...')
#2 C:\xampp\htdocs\Sistem-informasi-kependudukan\system\Database\BaseConnection.php(598): CodeIgniter\Database\BaseConnection->simpleQuery('SELECT COUNT(*)...')
#3 C:\xampp\htdocs\Sistem-informasi-kependudukan\system\Database\BaseBuilder.php(1539): CodeIgniter\Database\BaseConnection->query('SELECT COUNT(*)...', Array, false)
#4 C:\xampp\htdocs\Sistem-informasi-kependudukan\system\Model.php(509): CodeIgniter\Database\BaseBuilder->countAllResults(true)
#5 C:\xampp\htdocs\Sistem-informasi-kependudukan\app\Models\PelaporanModel.php(109): CodeIgniter\Model->countAllResults()
#6 C:\xampp\htdocs\Sistem-informasi-kependudukan\app\Controllers\Admin.php(76): App\Models\PelaporanModel->getPelaporanCount()
#7 C:\xampp\htdocs\Sistem-informasi-kependudukan\app\Controllers\Admin.php(89): App\Controllers\Admin->getReqLaporan()
#8 C:\xampp\htdocs\Sistem-informasi-kependudukan\system\CodeIgniter.php(832): App\Controllers\Admin->index()
#9 C:\xampp\htdocs\Sistem-informasi-kependudukan\system\CodeIgniter.php(419): CodeIgniter\CodeIgniter->runController(Object(App\Controllers\Admin))
#10 C:\xampp\htdocs\Sistem-informasi-kependudukan\system\CodeIgniter.php(326): CodeIgniter\CodeIgniter->handleRequest(NULL, Object(Config\Cache), false)
#11 C:\xampp\htdocs\Sistem-informasi-kependudukan\public\index.php(37): CodeIgniter\CodeIgniter->run()
#12 C:\xampp\htdocs\Sistem-informasi-kependudukan\system\Commands\Server\rewrite.php(43): require_once('C:\\xampp\\htdocs...')
#13 {main}
ERROR - 2023-06-25 02:04:59 --> Not unique table/alias: 'users'
CRITICAL - 2023-06-25 02:04:59 --> Not unique table/alias: 'users'
#0 C:\xampp\htdocs\Sistem-informasi-kependudukan\system\Database\MySQLi\Connection.php(292): mysqli->query('SELECT COUNT(*)...', 0)
#1 C:\xampp\htdocs\Sistem-informasi-kependudukan\system\Database\BaseConnection.php(670): CodeIgniter\Database\MySQLi\Connection->execute('SELECT COUNT(*)...')
#2 C:\xampp\htdocs\Sistem-informasi-kependudukan\system\Database\BaseConnection.php(598): CodeIgniter\Database\BaseConnection->simpleQuery('SELECT COUNT(*)...')
#3 C:\xampp\htdocs\Sistem-informasi-kependudukan\system\Database\BaseBuilder.php(1539): CodeIgniter\Database\BaseConnection->query('SELECT COUNT(*)...', Array, false)
#4 C:\xampp\htdocs\Sistem-informasi-kependudukan\system\Model.php(509): CodeIgniter\Database\BaseBuilder->countAllResults(true)
#5 C:\xampp\htdocs\Sistem-informasi-kependudukan\app\Models\PelaporanModel.php(109): CodeIgniter\Model->countAllResults()
#6 C:\xampp\htdocs\Sistem-informasi-kependudukan\app\Controllers\Admin.php(76): App\Models\PelaporanModel->getPelaporanCount()
#7 C:\xampp\htdocs\Sistem-informasi-kependudukan\app\Controllers\Admin.php(89): App\Controllers\Admin->getReqLaporan()
#8 C:\xampp\htdocs\Sistem-informasi-kependudukan\system\CodeIgniter.php(832): App\Controllers\Admin->index()
#9 C:\xampp\htdocs\Sistem-informasi-kependudukan\system\CodeIgniter.php(419): CodeIgniter\CodeIgniter->runController(Object(App\Controllers\Admin))
#10 C:\xampp\htdocs\Sistem-informasi-kependudukan\system\CodeIgniter.php(326): CodeIgniter\CodeIgniter->handleRequest(NULL, Object(Config\Cache), false)
#11 C:\xampp\htdocs\Sistem-informasi-kependudukan\public\index.php(37): CodeIgniter\CodeIgniter->run()
#12 C:\xampp\htdocs\Sistem-informasi-kependudukan\system\Commands\Server\rewrite.php(43): require_once('C:\\xampp\\htdocs...')
#13 {main}
ERROR - 2023-06-25 02:04:59 --> Not unique table/alias: 'users'
CRITICAL - 2023-06-25 02:04:59 --> Not unique table/alias: 'users'
#0 C:\xampp\htdocs\Sistem-informasi-kependudukan\system\Database\MySQLi\Connection.php(292): mysqli->query('SELECT COUNT(*)...', 0)
#1 C:\xampp\htdocs\Sistem-informasi-kependudukan\system\Database\BaseConnection.php(670): CodeIgniter\Database\MySQLi\Connection->execute('SELECT COUNT(*)...')
#2 C:\xampp\htdocs\Sistem-informasi-kependudukan\system\Database\BaseConnection.php(598): CodeIgniter\Database\BaseConnection->simpleQuery('SELECT COUNT(*)...')
#3 C:\xampp\htdocs\Sistem-informasi-kependudukan\system\Database\BaseBuilder.php(1539): CodeIgniter\Database\BaseConnection->query('SELECT COUNT(*)...', Array, false)
#4 C:\xampp\htdocs\Sistem-informasi-kependudukan\system\Model.php(509): CodeIgniter\Database\BaseBuilder->countAllResults(true)
#5 C:\xampp\htdocs\Sistem-informasi-kependudukan\app\Models\PelaporanModel.php(109): CodeIgniter\Model->countAllResults()
#6 C:\xampp\htdocs\Sistem-informasi-kependudukan\app\Controllers\Admin.php(76): App\Models\PelaporanModel->getPelaporanCount()
#7 C:\xampp\htdocs\Sistem-informasi-kependudukan\app\Controllers\Admin.php(89): App\Controllers\Admin->getReqLaporan()
#8 C:\xampp\htdocs\Sistem-informasi-kependudukan\system\CodeIgniter.php(832): App\Controllers\Admin->index()
#9 C:\xampp\htdocs\Sistem-informasi-kependudukan\system\CodeIgniter.php(419): CodeIgniter\CodeIgniter->runController(Object(App\Controllers\Admin))
#10 C:\xampp\htdocs\Sistem-informasi-kependudukan\system\CodeIgniter.php(326): CodeIgniter\CodeIgniter->handleRequest(NULL, Object(Config\Cache), false)
#11 C:\xampp\htdocs\Sistem-informasi-kependudukan\public\index.php(37): CodeIgniter\CodeIgniter->run()
#12 C:\xampp\htdocs\Sistem-informasi-kependudukan\system\Commands\Server\rewrite.php(43): require_once('C:\\xampp\\htdocs...')
#13 {main}
ERROR - 2023-06-25 02:05:00 --> Not unique table/alias: 'users'
CRITICAL - 2023-06-25 02:05:00 --> Not unique table/alias: 'users'
#0 C:\xampp\htdocs\Sistem-informasi-kependudukan\system\Database\MySQLi\Connection.php(292): mysqli->query('SELECT COUNT(*)...', 0)
#1 C:\xampp\htdocs\Sistem-informasi-kependudukan\system\Database\BaseConnection.php(670): CodeIgniter\Database\MySQLi\Connection->execute('SELECT COUNT(*)...')
#2 C:\xampp\htdocs\Sistem-informasi-kependudukan\system\Database\BaseConnection.php(598): CodeIgniter\Database\BaseConnection->simpleQuery('SELECT COUNT(*)...')
#3 C:\xampp\htdocs\Sistem-informasi-kependudukan\system\Database\BaseBuilder.php(1539): CodeIgniter\Database\BaseConnection->query('SELECT COUNT(*)...', Array, false)
#4 C:\xampp\htdocs\Sistem-informasi-kependudukan\system\Model.php(509): CodeIgniter\Database\BaseBuilder->countAllResults(true)
#5 C:\xampp\htdocs\Sistem-informasi-kependudukan\app\Models\PelaporanModel.php(109): CodeIgniter\Model->countAllResults()
#6 C:\xampp\htdocs\Sistem-informasi-kependudukan\app\Controllers\Admin.php(76): App\Models\PelaporanModel->getPelaporanCount()
#7 C:\xampp\htdocs\Sistem-informasi-kependudukan\app\Controllers\Admin.php(89): App\Controllers\Admin->getReqLaporan()
#8 C:\xampp\htdocs\Sistem-informasi-kependudukan\system\CodeIgniter.php(832): App\Controllers\Admin->index()
#9 C:\xampp\htdocs\Sistem-informasi-kependudukan\system\CodeIgniter.php(419): CodeIgniter\CodeIgniter->runController(Object(App\Controllers\Admin))
#10 C:\xampp\htdocs\Sistem-informasi-kependudukan\system\CodeIgniter.php(326): CodeIgniter\CodeIgniter->handleRequest(NULL, Object(Config\Cache), false)
#11 C:\xampp\htdocs\Sistem-informasi-kependudukan\public\index.php(37): CodeIgniter\CodeIgniter->run()
#12 C:\xampp\htdocs\Sistem-informasi-kependudukan\system\Commands\Server\rewrite.php(43): require_once('C:\\xampp\\htdocs...')
#13 {main}
ERROR - 2023-06-25 02:05:00 --> Not unique table/alias: 'users'
CRITICAL - 2023-06-25 02:05:00 --> Not unique table/alias: 'users'
#0 C:\xampp\htdocs\Sistem-informasi-kependudukan\system\Database\MySQLi\Connection.php(292): mysqli->query('SELECT COUNT(*)...', 0)
#1 C:\xampp\htdocs\Sistem-informasi-kependudukan\system\Database\BaseConnection.php(670): CodeIgniter\Database\MySQLi\Connection->execute('SELECT COUNT(*)...')
#2 C:\xampp\htdocs\Sistem-informasi-kependudukan\system\Database\BaseConnection.php(598): CodeIgniter\Database\BaseConnection->simpleQuery('SELECT COUNT(*)...')
#3 C:\xampp\htdocs\Sistem-informasi-kependudukan\system\Database\BaseBuilder.php(1539): CodeIgniter\Database\BaseConnection->query('SELECT COUNT(*)...', Array, false)
#4 C:\xampp\htdocs\Sistem-informasi-kependudukan\system\Model.php(509): CodeIgniter\Database\BaseBuilder->countAllResults(true)
#5 C:\xampp\htdocs\Sistem-informasi-kependudukan\app\Models\PelaporanModel.php(109): CodeIgniter\Model->countAllResults()
#6 C:\xampp\htdocs\Sistem-informasi-kependudukan\app\Controllers\Admin.php(76): App\Models\PelaporanModel->getPelaporanCount()
#7 C:\xampp\htdocs\Sistem-informasi-kependudukan\app\Controllers\Admin.php(89): App\Controllers\Admin->getReqLaporan()
#8 C:\xampp\htdocs\Sistem-informasi-kependudukan\system\CodeIgniter.php(832): App\Controllers\Admin->index()
#9 C:\xampp\htdocs\Sistem-informasi-kependudukan\system\CodeIgniter.php(419): CodeIgniter\CodeIgniter->runController(Object(App\Controllers\Admin))
#10 C:\xampp\htdocs\Sistem-informasi-kependudukan\system\CodeIgniter.php(326): CodeIgniter\CodeIgniter->handleRequest(NULL, Object(Config\Cache), false)
#11 C:\xampp\htdocs\Sistem-informasi-kependudukan\public\index.php(37): CodeIgniter\CodeIgniter->run()
#12 C:\xampp\htdocs\Sistem-informasi-kependudukan\system\Commands\Server\rewrite.php(43): require_once('C:\\xampp\\htdocs...')
#13 {main}
ERROR - 2023-06-25 02:05:00 --> Not unique table/alias: 'users'
CRITICAL - 2023-06-25 02:05:00 --> Not unique table/alias: 'users'
#0 C:\xampp\htdocs\Sistem-informasi-kependudukan\system\Database\MySQLi\Connection.php(292): mysqli->query('SELECT COUNT(*)...', 0)
#1 C:\xampp\htdocs\Sistem-informasi-kependudukan\system\Database\BaseConnection.php(670): CodeIgniter\Database\MySQLi\Connection->execute('SELECT COUNT(*)...')
#2 C:\xampp\htdocs\Sistem-informasi-kependudukan\system\Database\BaseConnection.php(598): CodeIgniter\Database\BaseConnection->simpleQuery('SELECT COUNT(*)...')
#3 C:\xampp\htdocs\Sistem-informasi-kependudukan\system\Database\BaseBuilder.php(1539): CodeIgniter\Database\BaseConnection->query('SELECT COUNT(*)...', Array, false)
#4 C:\xampp\htdocs\Sistem-informasi-kependudukan\system\Model.php(509): CodeIgniter\Database\BaseBuilder->countAllResults(true)
#5 C:\xampp\htdocs\Sistem-informasi-kependudukan\app\Models\PelaporanModel.php(109): CodeIgniter\Model->countAllResults()
#6 C:\xampp\htdocs\Sistem-informasi-kependudukan\app\Controllers\Admin.php(76): App\Models\PelaporanModel->getPelaporanCount()
#7 C:\xampp\htdocs\Sistem-informasi-kependudukan\app\Controllers\Admin.php(89): App\Controllers\Admin->getReqLaporan()
#8 C:\xampp\htdocs\Sistem-informasi-kependudukan\system\CodeIgniter.php(832): App\Controllers\Admin->index()
#9 C:\xampp\htdocs\Sistem-informasi-kependudukan\system\CodeIgniter.php(419): CodeIgniter\CodeIgniter->runController(Object(App\Controllers\Admin))
#10 C:\xampp\htdocs\Sistem-informasi-kependudukan\system\CodeIgniter.php(326): CodeIgniter\CodeIgniter->handleRequest(NULL, Object(Config\Cache), false)
#11 C:\xampp\htdocs\Sistem-informasi-kependudukan\public\index.php(37): CodeIgniter\CodeIgniter->run()
#12 C:\xampp\htdocs\Sistem-informasi-kependudukan\system\Commands\Server\rewrite.php(43): require_once('C:\\xampp\\htdocs...')
#13 {main}
ERROR - 2023-06-25 02:05:00 --> Not unique table/alias: 'users'
CRITICAL - 2023-06-25 02:05:00 --> Not unique table/alias: 'users'
#0 C:\xampp\htdocs\Sistem-informasi-kependudukan\system\Database\MySQLi\Connection.php(292): mysqli->query('SELECT COUNT(*)...', 0)
#1 C:\xampp\htdocs\Sistem-informasi-kependudukan\system\Database\BaseConnection.php(670): CodeIgniter\Database\MySQLi\Connection->execute('SELECT COUNT(*)...')
#2 C:\xampp\htdocs\Sistem-informasi-kependudukan\system\Database\BaseConnection.php(598): CodeIgniter\Database\BaseConnection->simpleQuery('SELECT COUNT(*)...')
#3 C:\xampp\htdocs\Sistem-informasi-kependudukan\system\Database\BaseBuilder.php(1539): CodeIgniter\Database\BaseConnection->query('SELECT COUNT(*)...', Array, false)
#4 C:\xampp\htdocs\Sistem-informasi-kependudukan\system\Model.php(509): CodeIgniter\Database\BaseBuilder->countAllResults(true)
#5 C:\xampp\htdocs\Sistem-informasi-kependudukan\app\Models\PelaporanModel.php(109): CodeIgniter\Model->countAllResults()
#6 C:\xampp\htdocs\Sistem-informasi-kependudukan\app\Controllers\Admin.php(76): App\Models\PelaporanModel->getPelaporanCount()
#7 C:\xampp\htdocs\Sistem-informasi-kependudukan\app\Controllers\Admin.php(89): App\Controllers\Admin->getReqLaporan()
#8 C:\xampp\htdocs\Sistem-informasi-kependudukan\system\CodeIgniter.php(832): App\Controllers\Admin->index()
#9 C:\xampp\htdocs\Sistem-informasi-kependudukan\system\CodeIgniter.php(419): CodeIgniter\CodeIgniter->runController(Object(App\Controllers\Admin))
#10 C:\xampp\htdocs\Sistem-informasi-kependudukan\system\CodeIgniter.php(326): CodeIgniter\CodeIgniter->handleRequest(NULL, Object(Config\Cache), false)
#11 C:\xampp\htdocs\Sistem-informasi-kependudukan\public\index.php(37): CodeIgniter\CodeIgniter->run()
#12 C:\xampp\htdocs\Sistem-informasi-kependudukan\system\Commands\Server\rewrite.php(43): require_once('C:\\xampp\\htdocs...')
#13 {main}
ERROR - 2023-06-25 02:05:01 --> Not unique table/alias: 'users'
CRITICAL - 2023-06-25 02:05:01 --> Not unique table/alias: 'users'
#0 C:\xampp\htdocs\Sistem-informasi-kependudukan\system\Database\MySQLi\Connection.php(292): mysqli->query('SELECT COUNT(*)...', 0)
#1 C:\xampp\htdocs\Sistem-informasi-kependudukan\system\Database\BaseConnection.php(670): CodeIgniter\Database\MySQLi\Connection->execute('SELECT COUNT(*)...')
#2 C:\xampp\htdocs\Sistem-informasi-kependudukan\system\Database\BaseConnection.php(598): CodeIgniter\Database\BaseConnection->simpleQuery('SELECT COUNT(*)...')
#3 C:\xampp\htdocs\Sistem-informasi-kependudukan\system\Database\BaseBuilder.php(1539): CodeIgniter\Database\BaseConnection->query('SELECT COUNT(*)...', Array, false)
#4 C:\xampp\htdocs\Sistem-informasi-kependudukan\system\Model.php(509): CodeIgniter\Database\BaseBuilder->countAllResults(true)
#5 C:\xampp\htdocs\Sistem-informasi-kependudukan\app\Models\PelaporanModel.php(109): CodeIgniter\Model->countAllResults()
#6 C:\xampp\htdocs\Sistem-informasi-kependudukan\app\Controllers\Admin.php(76): App\Models\PelaporanModel->getPelaporanCount()
#7 C:\xampp\htdocs\Sistem-informasi-kependudukan\app\Controllers\Admin.php(89): App\Controllers\Admin->getReqLaporan()
#8 C:\xampp\htdocs\Sistem-informasi-kependudukan\system\CodeIgniter.php(832): App\Controllers\Admin->index()
#9 C:\xampp\htdocs\Sistem-informasi-kependudukan\system\CodeIgniter.php(419): CodeIgniter\CodeIgniter->runController(Object(App\Controllers\Admin))
#10 C:\xampp\htdocs\Sistem-informasi-kependudukan\system\CodeIgniter.php(326): CodeIgniter\CodeIgniter->handleRequest(NULL, Object(Config\Cache), false)
#11 C:\xampp\htdocs\Sistem-informasi-kependudukan\public\index.php(37): CodeIgniter\CodeIgniter->run()
#12 C:\xampp\htdocs\Sistem-informasi-kependudukan\system\Commands\Server\rewrite.php(43): require_once('C:\\xampp\\htdocs...')
#13 {main}
ERROR - 2023-06-25 02:05:01 --> Not unique table/alias: 'users'
CRITICAL - 2023-06-25 02:05:01 --> Not unique table/alias: 'users'
#0 C:\xampp\htdocs\Sistem-informasi-kependudukan\system\Database\MySQLi\Connection.php(292): mysqli->query('SELECT COUNT(*)...', 0)
#1 C:\xampp\htdocs\Sistem-informasi-kependudukan\system\Database\BaseConnection.php(670): CodeIgniter\Database\MySQLi\Connection->execute('SELECT COUNT(*)...')
#2 C:\xampp\htdocs\Sistem-informasi-kependudukan\system\Database\BaseConnection.php(598): CodeIgniter\Database\BaseConnection->simpleQuery('SELECT COUNT(*)...')
#3 C:\xampp\htdocs\Sistem-informasi-kependudukan\system\Database\BaseBuilder.php(1539): CodeIgniter\Database\BaseConnection->query('SELECT COUNT(*)...', Array, false)
#4 C:\xampp\htdocs\Sistem-informasi-kependudukan\system\Model.php(509): CodeIgniter\Database\BaseBuilder->countAllResults(true)
#5 C:\xampp\htdocs\Sistem-informasi-kependudukan\app\Models\PelaporanModel.php(109): CodeIgniter\Model->countAllResults()
#6 C:\xampp\htdocs\Sistem-informasi-kependudukan\app\Controllers\Admin.php(76): App\Models\PelaporanModel->getPelaporanCount()
#7 C:\xampp\htdocs\Sistem-informasi-kependudukan\app\Controllers\Admin.php(89): App\Controllers\Admin->getReqLaporan()
#8 C:\xampp\htdocs\Sistem-informasi-kependudukan\system\CodeIgniter.php(832): App\Controllers\Admin->index()
#9 C:\xampp\htdocs\Sistem-informasi-kependudukan\system\CodeIgniter.php(419): CodeIgniter\CodeIgniter->runController(Object(App\Controllers\Admin))
#10 C:\xampp\htdocs\Sistem-informasi-kependudukan\system\CodeIgniter.php(326): CodeIgniter\CodeIgniter->handleRequest(NULL, Object(Config\Cache), false)
#11 C:\xampp\htdocs\Sistem-informasi-kependudukan\public\index.php(37): CodeIgniter\CodeIgniter->run()
#12 C:\xampp\htdocs\Sistem-informasi-kependudukan\system\Commands\Server\rewrite.php(43): require_once('C:\\xampp\\htdocs...')
#13 {main}
ERROR - 2023-06-25 02:05:01 --> Not unique table/alias: 'users'
CRITICAL - 2023-06-25 02:05:01 --> Not unique table/alias: 'users'
#0 C:\xampp\htdocs\Sistem-informasi-kependudukan\system\Database\MySQLi\Connection.php(292): mysqli->query('SELECT COUNT(*)...', 0)
#1 C:\xampp\htdocs\Sistem-informasi-kependudukan\system\Database\BaseConnection.php(670): CodeIgniter\Database\MySQLi\Connection->execute('SELECT COUNT(*)...')
#2 C:\xampp\htdocs\Sistem-informasi-kependudukan\system\Database\BaseConnection.php(598): CodeIgniter\Database\BaseConnection->simpleQuery('SELECT COUNT(*)...')
#3 C:\xampp\htdocs\Sistem-informasi-kependudukan\system\Database\BaseBuilder.php(1539): CodeIgniter\Database\BaseConnection->query('SELECT COUNT(*)...', Array, false)
#4 C:\xampp\htdocs\Sistem-informasi-kependudukan\system\Model.php(509): CodeIgniter\Database\BaseBuilder->countAllResults(true)
#5 C:\xampp\htdocs\Sistem-informasi-kependudukan\app\Models\PelaporanModel.php(109): CodeIgniter\Model->countAllResults()
#6 C:\xampp\htdocs\Sistem-informasi-kependudukan\app\Controllers\Admin.php(76): App\Models\PelaporanModel->getPelaporanCount()
#7 C:\xampp\htdocs\Sistem-informasi-kependudukan\app\Controllers\Admin.php(89): App\Controllers\Admin->getReqLaporan()
#8 C:\xampp\htdocs\Sistem-informasi-kependudukan\system\CodeIgniter.php(832): App\Controllers\Admin->index()
#9 C:\xampp\htdocs\Sistem-informasi-kependudukan\system\CodeIgniter.php(419): CodeIgniter\CodeIgniter->runController(Object(App\Controllers\Admin))
#10 C:\xampp\htdocs\Sistem-informasi-kependudukan\system\CodeIgniter.php(326): CodeIgniter\CodeIgniter->handleRequest(NULL, Object(Config\Cache), false)
#11 C:\xampp\htdocs\Sistem-informasi-kependudukan\public\index.php(37): CodeIgniter\CodeIgniter->run()
#12 C:\xampp\htdocs\Sistem-informasi-kependudukan\system\Commands\Server\rewrite.php(43): require_once('C:\\xampp\\htdocs...')
#13 {main}
